#
# There is insufficient memory for the Java Runtime Environment to continue.
# Native memory allocation (mmap) failed to map 415236096 bytes for G1 virtual space
# Possible reasons:
#   The system is out of physical RAM or swap space
#   The process is running with CompressedOops enabled, and the Java Heap may be blocking the growth of the native heap
# Possible solutions:
#   Reduce memory load on the system
#   Increase physical memory or swap space
#   Check if swap backing store is full
#   Decrease Java heap size (-Xmx/-Xms)
#   Decrease number of Java threads
#   Decrease Java thread stack sizes (-Xss)
#   Set larger code cache with -XX:ReservedCodeCacheSize=
#   JVM is running with Zero Based Compressed Oops mode in which the Java heap is
#     placed in the first 32GB address space. The Java Heap base address is the
#     maximum limit for the native heap growth. Please use -XX:HeapBaseMinAddress
#     to set the Java Heap base and to place the Java Heap above 32GB virtual address.
# This output file may be truncated or incomplete.
#
#  Out of Memory Error (os_windows.cpp:3466), pid=10152, tid=10784
#
# JRE version: Java(TM) SE Runtime Environment (16.0.1+9) (build 16.0.1+9-24)
# Java VM: Java HotSpot(TM) 64-Bit Server VM (16.0.1+9-24, mixed mode, sharing, tiered, compressed oops, compressed class ptrs, g1 gc, windows-amd64)
# No core dump will be written. Minidumps are not enabled by default on client versions of Windows
#

---------------  S U M M A R Y ------------

Command Line: target/java-getting-started-1.0.jar

Host: AMD Ryzen 9 5900X 12-Core Processor            , 24 cores, 31G,  Windows 10 , 64 bit Build 19041 (10.0.19041.1806)
Time: Sun Jul 31 14:19:26 2022 Pacific Daylight Time elapsed time: 4.190177 seconds (0d 0h 0m 4s)

---------------  T H R E A D  ---------------

Current thread (0x00000235c7ffe710):  VMThread "VM Thread" [stack: 0x0000008304e00000,0x0000008304f00000] [id=10784]

Stack: [0x0000008304e00000,0x0000008304f00000]
Native frames: (J=compiled Java code, j=interpreted, Vv=VM code, C=native code)
V  [jvm.dll+0x6687ca]
V  [jvm.dll+0x7ca3c9]
V  [jvm.dll+0x7cbb53]
V  [jvm.dll+0x7cc1b3]
V  [jvm.dll+0x242ea5]
V  [jvm.dll+0x665589]
V  [jvm.dll+0x65a175]
V  [jvm.dll+0x2fc5ab]
V  [jvm.dll+0x3037a6]
V  [jvm.dll+0x352fee]
V  [jvm.dll+0x35321f]
V  [jvm.dll+0x2d3618]
V  [jvm.dll+0x2d11a5]
V  [jvm.dll+0x2d07dc]
V  [jvm.dll+0x3158c2]
V  [jvm.dll+0x7d05eb]
V  [jvm.dll+0x7d12e4]
V  [jvm.dll+0x7d17e9]
V  [jvm.dll+0x7d1aa4]
V  [jvm.dll+0x7d1b70]
V  [jvm.dll+0x779b4a]
V  [jvm.dll+0x667666]
C  [ucrtbase.dll+0x21bb2]
C  [KERNEL32.DLL+0x17034]
C  [ntdll.dll+0x52651]

VM_Operation (0x0000008306dfeb20): G1CollectForAllocation, mode: safepoint, requested by thread 0x00000235c9af56d0


---------------  P R O C E S S  ---------------

Threads class SMR info:
_java_thread_list=0x00000235ccc6ab40, length=15, elements={
0x000002359a4fbe80, 0x00000235c8003360, 0x00000235c8004220, 0x00000235c8014620,
0x00000235c8017f50, 0x00000235c8018950, 0x00000235c801add0, 0x00000235c8024d00,
0x00000235c8032350, 0x00000235c80348c0, 0x00000235c81e93a0, 0x00000235c81eed70,
0x00000235ca0718f0, 0x00000235ca6fcdd0, 0x00000235c9af56d0
}

Java Threads: ( => current thread )
  0x000002359a4fbe80 JavaThread "main" [_thread_blocked, id=20708, stack(0x0000008304800000,0x0000008304900000)]
  0x00000235c8003360 JavaThread "Reference Handler" daemon [_thread_blocked, id=12040, stack(0x0000008304f00000,0x0000008305000000)]
  0x00000235c8004220 JavaThread "Finalizer" daemon [_thread_blocked, id=15104, stack(0x0000008305000000,0x0000008305100000)]
  0x00000235c8014620 JavaThread "Signal Dispatcher" daemon [_thread_blocked, id=32260, stack(0x0000008305100000,0x0000008305200000)]
  0x00000235c8017f50 JavaThread "Attach Listener" daemon [_thread_blocked, id=27464, stack(0x0000008305200000,0x0000008305300000)]
  0x00000235c8018950 JavaThread "Service Thread" daemon [_thread_blocked, id=27232, stack(0x0000008305300000,0x0000008305400000)]
  0x00000235c801add0 JavaThread "Monitor Deflation Thread" daemon [_thread_blocked, id=23928, stack(0x0000008305400000,0x0000008305500000)]
  0x00000235c8024d00 JavaThread "C2 CompilerThread0" daemon [_thread_blocked, id=35064, stack(0x0000008305500000,0x0000008305600000)]
  0x00000235c8032350 JavaThread "C1 CompilerThread0" daemon [_thread_blocked, id=5388, stack(0x0000008305600000,0x0000008305700000)]
  0x00000235c80348c0 JavaThread "Sweeper thread" daemon [_thread_blocked, id=16912, stack(0x0000008305700000,0x0000008305800000)]
  0x00000235c81e93a0 JavaThread "Notification Thread" daemon [_thread_blocked, id=27628, stack(0x0000008305a00000,0x0000008305b00000)]
  0x00000235c81eed70 JavaThread "Common-Cleaner" daemon [_thread_blocked, id=25336, stack(0x0000008305c00000,0x0000008305d00000)]
  0x00000235ca0718f0 JavaThread "C2 CompilerThread1" daemon [_thread_blocked, id=29524, stack(0x0000008305800000,0x0000008305900000)]
  0x00000235ca6fcdd0 JavaThread "C2 CompilerThread2" daemon [_thread_blocked, id=4520, stack(0x0000008305900000,0x0000008305a00000)]
  0x00000235c9af56d0 JavaThread "Thread-2397" [_thread_blocked, id=31948, stack(0x0000008306d00000,0x0000008306e00000)]

Other Threads:
=>0x00000235c7ffe710 VMThread "VM Thread" [stack: 0x0000008304e00000,0x0000008304f00000] [id=10784]
  0x00000235c81ed8d0 WatcherThread [stack: 0x0000008305b00000,0x0000008305c00000] [id=25688]
  0x000002359a576a80 GCTaskThread "GC Thread#0" [stack: 0x0000008304900000,0x0000008304a00000] [id=29680]
  0x00000235c91748c0 GCTaskThread "GC Thread#1" [stack: 0x0000008306100000,0x0000008306200000] [id=10948]
  0x00000235c9174bd0 GCTaskThread "GC Thread#2" [stack: 0x0000008306200000,0x0000008306300000] [id=28420]
  0x00000235c950f9e0 GCTaskThread "GC Thread#3" [stack: 0x0000008306300000,0x0000008306400000] [id=14020]
  0x00000235c91c2430 GCTaskThread "GC Thread#4" [stack: 0x0000008306400000,0x0000008306500000] [id=6696]
  0x00000235c91c2740 GCTaskThread "GC Thread#5" [stack: 0x0000008306500000,0x0000008306600000] [id=23988]
  0x00000235c950fcf0 GCTaskThread "GC Thread#6" [stack: 0x0000008306600000,0x0000008306700000] [id=31360]
  0x00000235c9510810 GCTaskThread "GC Thread#7" [stack: 0x0000008306700000,0x0000008306800000] [id=8376]
  0x00000235c8429440 GCTaskThread "GC Thread#8" [stack: 0x0000008306800000,0x0000008306900000] [id=13460]
  0x00000235c8429750 GCTaskThread "GC Thread#9" [stack: 0x0000008306900000,0x0000008306a00000] [id=19980]
  0x00000235c8429a60 GCTaskThread "GC Thread#10" [stack: 0x0000008306a00000,0x0000008306b00000] [id=19708]
  0x00000235c8429d70 GCTaskThread "GC Thread#11" [stack: 0x0000008306b00000,0x0000008306c00000] [id=22100]
  0x00000235c93bcc30 GCTaskThread "GC Thread#12" [stack: 0x0000008305e00000,0x0000008305f00000] [id=3800]
  0x00000235c93bd870 GCTaskThread "GC Thread#13" [stack: 0x0000008305f00000,0x0000008306000000] [id=23388]
  0x00000235c93bd250 GCTaskThread "GC Thread#14" [stack: 0x0000008306000000,0x0000008306100000] [id=13348]
  0x00000235c93bc610 GCTaskThread "GC Thread#15" [stack: 0x0000008306c00000,0x0000008306d00000] [id=20512]
  0x000002359a588b80 ConcurrentGCThread "G1 Main Marker" [stack: 0x0000008304a00000,0x0000008304b00000] [id=33032]
  0x000002359a589d90 ConcurrentGCThread "G1 Conc#0" [stack: 0x0000008304b00000,0x0000008304c00000] [id=21584]
  0x00000235c7f2e190 ConcurrentGCThread "G1 Refine#0" [stack: 0x0000008304c00000,0x0000008304d00000] [id=18564]
  0x00000235c7f2ea20 ConcurrentGCThread "G1 Service" [stack: 0x0000008304d00000,0x0000008304e00000] [id=18324]

Threads with active compile tasks:

VM state: at safepoint (normal execution)

VM Mutex/Monitor currently owned by a thread:  ([mutex/lock_event])
[0x000002359a4f8320] Threads_lock - owner thread: 0x00000235c7ffe710
[0x000002359a4f8d40] Heap_lock - owner thread: 0x00000235c9af56d0

Heap address: 0x0000000600c00000, size: 8180 MB, Compressed Oops mode: Zero based, Oop shift amount: 3

CDS archive(s) mapped at: [0x0000000800000000-0x0000000800bb0000-0x0000000800bb0000), size 12255232, SharedBaseAddress: 0x0000000800000000, ArchiveRelocationMode: 0.
Compressed class space mapped at: 0x0000000800c00000-0x0000000840c00000, reserved size: 1073741824
Narrow klass base: 0x0000000800000000, Narrow klass shift: 3, Narrow klass range: 0x100000000

GC Precious Log:
 CPUs: 24 total, 24 available
 Memory: 32707M
 Large Page Support: Disabled
 NUMA Support: Disabled
 Compressed Oops: Enabled (Zero based)
 Heap Region Size: 4M
 Heap Min Capacity: 8M
 Heap Initial Capacity: 512M
 Heap Max Capacity: 8180M
 Pre-touch: Disabled
 Parallel Workers: 18
 Concurrent Workers: 5
 Concurrent Refinement Workers: 18
 Periodic GC: Disabled

Heap:
 garbage-first heap   total 688128K, used 12114K [0x0000000600c00000, 0x0000000800000000)
  region size 4096K, 3 young (12288K), 3 survivors (12288K)
 Metaspace       used 16469K, committed 16768K, reserved 1064960K
  class space    used 1899K, committed 2048K, reserved 1048576K

Heap Regions: E=young(eden), S=young(survivor), O=old, HS=humongous(starts), HC=humongous(continues), CS=collection set, F=free, OA=open archive, CA=closed archive, TAMS=top-at-mark-start (previous, next)
|   0|0x0000000600c00000, 0x0000000600c00000, 0x0000000601000000|  0%| F|  |TAMS 0x0000000600c00000, 0x0000000600c00000| Untracked 
|   1|0x0000000601000000, 0x0000000601000000, 0x0000000601400000|  0%| F|  |TAMS 0x0000000601000000, 0x0000000601000000| Untracked 
|   2|0x0000000601400000, 0x0000000601400000, 0x0000000601800000|  0%| F|  |TAMS 0x0000000601400000, 0x0000000601400000| Untracked 
|   3|0x0000000601800000, 0x0000000601800000, 0x0000000601c00000|  0%| F|  |TAMS 0x0000000601800000, 0x0000000601800000| Untracked 
|   4|0x0000000601c00000, 0x0000000601c00000, 0x0000000602000000|  0%| F|  |TAMS 0x0000000601c00000, 0x0000000601c00000| Untracked 
|   5|0x0000000602000000, 0x0000000602000000, 0x0000000602400000|  0%| F|  |TAMS 0x0000000602000000, 0x0000000602000000| Untracked 
|   6|0x0000000602400000, 0x0000000602400000, 0x0000000602800000|  0%| F|  |TAMS 0x0000000602400000, 0x0000000602400000| Untracked 
|   7|0x0000000602800000, 0x0000000602800000, 0x0000000602c00000|  0%| F|  |TAMS 0x0000000602800000, 0x0000000602800000| Untracked 
|   8|0x0000000602c00000, 0x0000000602c00000, 0x0000000603000000|  0%| F|  |TAMS 0x0000000602c00000, 0x0000000602c00000| Untracked 
|   9|0x0000000603000000, 0x0000000603000000, 0x0000000603400000|  0%| F|  |TAMS 0x0000000603000000, 0x0000000603000000| Untracked 
|  10|0x0000000603400000, 0x0000000603400000, 0x0000000603800000|  0%| F|  |TAMS 0x0000000603400000, 0x0000000603400000| Untracked 
|  11|0x0000000603800000, 0x0000000603800000, 0x0000000603c00000|  0%| F|  |TAMS 0x0000000603800000, 0x0000000603800000| Untracked 
|  12|0x0000000603c00000, 0x0000000603c00000, 0x0000000604000000|  0%| F|  |TAMS 0x0000000603c00000, 0x0000000603c00000| Untracked 
|  13|0x0000000604000000, 0x0000000604000000, 0x0000000604400000|  0%| F|  |TAMS 0x0000000604000000, 0x0000000604000000| Untracked 
|  14|0x0000000604400000, 0x0000000604400000, 0x0000000604800000|  0%| F|  |TAMS 0x0000000604400000, 0x0000000604400000| Untracked 
|  15|0x0000000604800000, 0x0000000604800000, 0x0000000604c00000|  0%| F|  |TAMS 0x0000000604800000, 0x0000000604800000| Untracked 
|  16|0x0000000604c00000, 0x0000000604c00000, 0x0000000605000000|  0%| F|  |TAMS 0x0000000604c00000, 0x0000000604c00000| Untracked 
|  17|0x0000000605000000, 0x0000000605000000, 0x0000000605400000|  0%| F|  |TAMS 0x0000000605000000, 0x0000000605000000| Untracked 
|  18|0x0000000605400000, 0x0000000605400000, 0x0000000605800000|  0%| F|  |TAMS 0x0000000605400000, 0x0000000605400000| Untracked 
|  19|0x0000000605800000, 0x0000000605800000, 0x0000000605c00000|  0%| F|  |TAMS 0x0000000605800000, 0x0000000605800000| Untracked 
|  20|0x0000000605c00000, 0x0000000605c00000, 0x0000000606000000|  0%| F|  |TAMS 0x0000000605c00000, 0x0000000605c00000| Untracked 
|  21|0x0000000606000000, 0x0000000606000000, 0x0000000606400000|  0%| F|  |TAMS 0x0000000606000000, 0x0000000606000000| Untracked 
|  22|0x0000000606400000, 0x0000000606400000, 0x0000000606800000|  0%| F|  |TAMS 0x0000000606400000, 0x0000000606400000| Untracked 
|  23|0x0000000606800000, 0x0000000606800000, 0x0000000606c00000|  0%| F|  |TAMS 0x0000000606800000, 0x0000000606800000| Untracked 
|  24|0x0000000606c00000, 0x0000000606c00000, 0x0000000607000000|  0%| F|  |TAMS 0x0000000606c00000, 0x0000000606c00000| Untracked 
|  25|0x0000000607000000, 0x0000000607000000, 0x0000000607400000|  0%| F|  |TAMS 0x0000000607000000, 0x0000000607000000| Untracked 
|  26|0x0000000607400000, 0x0000000607400000, 0x0000000607800000|  0%| F|  |TAMS 0x0000000607400000, 0x0000000607400000| Untracked 
|  27|0x0000000607800000, 0x0000000607800000, 0x0000000607c00000|  0%| F|  |TAMS 0x0000000607800000, 0x0000000607800000| Untracked 
|  28|0x0000000607c00000, 0x0000000607c00000, 0x0000000608000000|  0%| F|  |TAMS 0x0000000607c00000, 0x0000000607c00000| Untracked 
|  29|0x0000000608000000, 0x0000000608000000, 0x0000000608400000|  0%| F|  |TAMS 0x0000000608000000, 0x0000000608000000| Untracked 
|  30|0x0000000608400000, 0x0000000608400000, 0x0000000608800000|  0%| F|  |TAMS 0x0000000608400000, 0x0000000608400000| Untracked 
|  31|0x0000000608800000, 0x0000000608800000, 0x0000000608c00000|  0%| F|  |TAMS 0x0000000608800000, 0x0000000608800000| Untracked 
|  32|0x0000000608c00000, 0x0000000608c00000, 0x0000000609000000|  0%| F|  |TAMS 0x0000000608c00000, 0x0000000608c00000| Untracked 
|  33|0x0000000609000000, 0x0000000609000000, 0x0000000609400000|  0%| F|  |TAMS 0x0000000609000000, 0x0000000609000000| Untracked 
|  34|0x0000000609400000, 0x0000000609400000, 0x0000000609800000|  0%| F|  |TAMS 0x0000000609400000, 0x0000000609400000| Untracked 
|  35|0x0000000609800000, 0x0000000609800000, 0x0000000609c00000|  0%| F|  |TAMS 0x0000000609800000, 0x0000000609800000| Untracked 
|  36|0x0000000609c00000, 0x0000000609c00000, 0x000000060a000000|  0%| F|  |TAMS 0x0000000609c00000, 0x0000000609c00000| Untracked 
|  37|0x000000060a000000, 0x000000060a000000, 0x000000060a400000|  0%| F|  |TAMS 0x000000060a000000, 0x000000060a000000| Untracked 
|  38|0x000000060a400000, 0x000000060a400000, 0x000000060a800000|  0%| F|  |TAMS 0x000000060a400000, 0x000000060a400000| Untracked 
|  39|0x000000060a800000, 0x000000060a800000, 0x000000060ac00000|  0%| F|  |TAMS 0x000000060a800000, 0x000000060a800000| Untracked 
|  40|0x000000060ac00000, 0x000000060ac00000, 0x000000060b000000|  0%| F|  |TAMS 0x000000060ac00000, 0x000000060ac00000| Untracked 
|  41|0x000000060b000000, 0x000000060b000000, 0x000000060b400000|  0%| F|  |TAMS 0x000000060b000000, 0x000000060b000000| Untracked 
|  42|0x000000060b400000, 0x000000060b400000, 0x000000060b800000|  0%| F|  |TAMS 0x000000060b400000, 0x000000060b400000| Untracked 
|  43|0x000000060b800000, 0x000000060b800000, 0x000000060bc00000|  0%| F|  |TAMS 0x000000060b800000, 0x000000060b800000| Untracked 
|  44|0x000000060bc00000, 0x000000060bc00000, 0x000000060c000000|  0%| F|  |TAMS 0x000000060bc00000, 0x000000060bc00000| Untracked 
|  45|0x000000060c000000, 0x000000060c000000, 0x000000060c400000|  0%| F|  |TAMS 0x000000060c000000, 0x000000060c000000| Untracked 
|  46|0x000000060c400000, 0x000000060c400000, 0x000000060c800000|  0%| F|  |TAMS 0x000000060c400000, 0x000000060c400000| Untracked 
|  47|0x000000060c800000, 0x000000060c800000, 0x000000060cc00000|  0%| F|  |TAMS 0x000000060c800000, 0x000000060c800000| Untracked 
|  48|0x000000060cc00000, 0x000000060cc00000, 0x000000060d000000|  0%| F|  |TAMS 0x000000060cc00000, 0x000000060cc00000| Untracked 
|  49|0x000000060d000000, 0x000000060d000000, 0x000000060d400000|  0%| F|  |TAMS 0x000000060d000000, 0x000000060d000000| Untracked 
|  50|0x000000060d400000, 0x000000060d400000, 0x000000060d800000|  0%| F|  |TAMS 0x000000060d400000, 0x000000060d400000| Untracked 
|  51|0x000000060d800000, 0x000000060d800000, 0x000000060dc00000|  0%| F|  |TAMS 0x000000060d800000, 0x000000060d800000| Untracked 
|  52|0x000000060dc00000, 0x000000060dc00000, 0x000000060e000000|  0%| F|  |TAMS 0x000000060dc00000, 0x000000060dc00000| Untracked 
|  53|0x000000060e000000, 0x000000060e000000, 0x000000060e400000|  0%| F|  |TAMS 0x000000060e000000, 0x000000060e000000| Untracked 
|  54|0x000000060e400000, 0x000000060e400000, 0x000000060e800000|  0%| F|  |TAMS 0x000000060e400000, 0x000000060e400000| Untracked 
|  55|0x000000060e800000, 0x000000060e800000, 0x000000060ec00000|  0%| F|  |TAMS 0x000000060e800000, 0x000000060e800000| Untracked 
|  56|0x000000060ec00000, 0x000000060ec00000, 0x000000060f000000|  0%| F|  |TAMS 0x000000060ec00000, 0x000000060ec00000| Untracked 
|  57|0x000000060f000000, 0x000000060f000000, 0x000000060f400000|  0%| F|  |TAMS 0x000000060f000000, 0x000000060f000000| Untracked 
|  58|0x000000060f400000, 0x000000060f400000, 0x000000060f800000|  0%| F|  |TAMS 0x000000060f400000, 0x000000060f400000| Untracked 
|  59|0x000000060f800000, 0x000000060f800000, 0x000000060fc00000|  0%| F|  |TAMS 0x000000060f800000, 0x000000060f800000| Untracked 
|  60|0x000000060fc00000, 0x000000060fc00000, 0x0000000610000000|  0%| F|  |TAMS 0x000000060fc00000, 0x000000060fc00000| Untracked 
|  61|0x0000000610000000, 0x0000000610000000, 0x0000000610400000|  0%| F|  |TAMS 0x0000000610000000, 0x0000000610000000| Untracked 
|  62|0x0000000610400000, 0x0000000610400000, 0x0000000610800000|  0%| F|  |TAMS 0x0000000610400000, 0x0000000610400000| Untracked 
|  63|0x0000000610800000, 0x0000000610800000, 0x0000000610c00000|  0%| F|  |TAMS 0x0000000610800000, 0x0000000610800000| Untracked 
|  64|0x0000000610c00000, 0x0000000610c00000, 0x0000000611000000|  0%| F|  |TAMS 0x0000000610c00000, 0x0000000610c00000| Untracked 
|  65|0x0000000611000000, 0x00000006113d48b8, 0x0000000611400000| 95%| S|CS|TAMS 0x0000000611000000, 0x0000000611000000| Complete 
|  66|0x0000000611400000, 0x0000000611800000, 0x0000000611800000|100%| S|CS|TAMS 0x0000000611400000, 0x0000000611400000| Complete 
|  67|0x0000000611800000, 0x0000000611c00000, 0x0000000611c00000|100%| S|CS|TAMS 0x0000000611800000, 0x0000000611800000| Complete 
|  68|0x0000000611c00000, 0x0000000611c00000, 0x0000000612000000|  0%| F|  |TAMS 0x0000000611c00000, 0x0000000611c00000| Untracked 
|  69|0x0000000612000000, 0x0000000612000000, 0x0000000612400000|  0%| F|  |TAMS 0x0000000612000000, 0x0000000612000000| Untracked 
|  70|0x0000000612400000, 0x0000000612400000, 0x0000000612800000|  0%| F|  |TAMS 0x0000000612400000, 0x0000000612400000| Untracked 
|  71|0x0000000612800000, 0x0000000612800000, 0x0000000612c00000|  0%| F|  |TAMS 0x0000000612800000, 0x0000000612800000| Untracked 
|  72|0x0000000612c00000, 0x0000000612c00000, 0x0000000613000000|  0%| F|  |TAMS 0x0000000612c00000, 0x0000000612c00000| Untracked 
|  73|0x0000000613000000, 0x0000000613000000, 0x0000000613400000|  0%| F|  |TAMS 0x0000000613000000, 0x0000000613000000| Untracked 
|  74|0x0000000613400000, 0x0000000613400000, 0x0000000613800000|  0%| F|  |TAMS 0x0000000613400000, 0x0000000613400000| Untracked 
|  75|0x0000000613800000, 0x0000000613800000, 0x0000000613c00000|  0%| F|  |TAMS 0x0000000613800000, 0x0000000613800000| Untracked 
|  76|0x0000000613c00000, 0x0000000613c00000, 0x0000000614000000|  0%| F|  |TAMS 0x0000000613c00000, 0x0000000613c00000| Untracked 
|  77|0x0000000614000000, 0x0000000614000000, 0x0000000614400000|  0%| F|  |TAMS 0x0000000614000000, 0x0000000614000000| Untracked 
|  78|0x0000000614400000, 0x0000000614400000, 0x0000000614800000|  0%| F|  |TAMS 0x0000000614400000, 0x0000000614400000| Untracked 
|  79|0x0000000614800000, 0x0000000614800000, 0x0000000614c00000|  0%| F|  |TAMS 0x0000000614800000, 0x0000000614800000| Untracked 
|  80|0x0000000614c00000, 0x0000000614c00000, 0x0000000615000000|  0%| F|  |TAMS 0x0000000614c00000, 0x0000000614c00000| Untracked 
|  81|0x0000000615000000, 0x0000000615000000, 0x0000000615400000|  0%| F|  |TAMS 0x0000000615000000, 0x0000000615000000| Untracked 
|  82|0x0000000615400000, 0x0000000615400000, 0x0000000615800000|  0%| F|  |TAMS 0x0000000615400000, 0x0000000615400000| Untracked 
|  83|0x0000000615800000, 0x0000000615800000, 0x0000000615c00000|  0%| F|  |TAMS 0x0000000615800000, 0x0000000615800000| Untracked 
|  84|0x0000000615c00000, 0x0000000615c00000, 0x0000000616000000|  0%| F|  |TAMS 0x0000000615c00000, 0x0000000615c00000| Untracked 
|  85|0x0000000616000000, 0x0000000616000000, 0x0000000616400000|  0%| F|  |TAMS 0x0000000616000000, 0x0000000616000000| Untracked 
|  86|0x0000000616400000, 0x0000000616400000, 0x0000000616800000|  0%| F|  |TAMS 0x0000000616400000, 0x0000000616400000| Untracked 
|  87|0x0000000616800000, 0x0000000616800000, 0x0000000616c00000|  0%| F|  |TAMS 0x0000000616800000, 0x0000000616800000| Untracked 
|  88|0x0000000616c00000, 0x0000000616c00000, 0x0000000617000000|  0%| F|  |TAMS 0x0000000616c00000, 0x0000000616c00000| Untracked 
|  89|0x0000000617000000, 0x0000000617000000, 0x0000000617400000|  0%| F|  |TAMS 0x0000000617000000, 0x0000000617000000| Untracked 
|  90|0x0000000617400000, 0x0000000617400000, 0x0000000617800000|  0%| F|  |TAMS 0x0000000617400000, 0x0000000617400000| Untracked 
|  91|0x0000000617800000, 0x0000000617800000, 0x0000000617c00000|  0%| F|  |TAMS 0x0000000617800000, 0x0000000617800000| Untracked 
|  92|0x0000000617c00000, 0x0000000617c00000, 0x0000000618000000|  0%| F|  |TAMS 0x0000000617c00000, 0x0000000617c00000| Untracked 
|  93|0x0000000618000000, 0x0000000618000000, 0x0000000618400000|  0%| F|  |TAMS 0x0000000618000000, 0x0000000618000000| Untracked 
|  94|0x0000000618400000, 0x0000000618400000, 0x0000000618800000|  0%| F|  |TAMS 0x0000000618400000, 0x0000000618400000| Untracked 
|  95|0x0000000618800000, 0x0000000618800000, 0x0000000618c00000|  0%| F|  |TAMS 0x0000000618800000, 0x0000000618800000| Untracked 
|  96|0x0000000618c00000, 0x0000000618c00000, 0x0000000619000000|  0%| F|  |TAMS 0x0000000618c00000, 0x0000000618c00000| Untracked 
|  97|0x0000000619000000, 0x0000000619000000, 0x0000000619400000|  0%| F|  |TAMS 0x0000000619000000, 0x0000000619000000| Untracked 
|  98|0x0000000619400000, 0x0000000619400000, 0x0000000619800000|  0%| F|  |TAMS 0x0000000619400000, 0x0000000619400000| Untracked 
|  99|0x0000000619800000, 0x0000000619800000, 0x0000000619c00000|  0%| F|  |TAMS 0x0000000619800000, 0x0000000619800000| Untracked 
| 100|0x0000000619c00000, 0x0000000619c00000, 0x000000061a000000|  0%| F|  |TAMS 0x0000000619c00000, 0x0000000619c00000| Untracked 
| 101|0x000000061a000000, 0x000000061a000000, 0x000000061a400000|  0%| F|  |TAMS 0x000000061a000000, 0x000000061a000000| Untracked 
| 102|0x000000061a400000, 0x000000061a400000, 0x000000061a800000|  0%| F|  |TAMS 0x000000061a400000, 0x000000061a400000| Untracked 
| 103|0x000000061a800000, 0x000000061a800000, 0x000000061ac00000|  0%| F|  |TAMS 0x000000061a800000, 0x000000061a800000| Untracked 
| 104|0x000000061ac00000, 0x000000061ac00000, 0x000000061b000000|  0%| F|  |TAMS 0x000000061ac00000, 0x000000061ac00000| Untracked 
| 105|0x000000061b000000, 0x000000061b000000, 0x000000061b400000|  0%| F|  |TAMS 0x000000061b000000, 0x000000061b000000| Untracked 
| 106|0x000000061b400000, 0x000000061b400000, 0x000000061b800000|  0%| F|  |TAMS 0x000000061b400000, 0x000000061b400000| Untracked 
| 107|0x000000061b800000, 0x000000061b800000, 0x000000061bc00000|  0%| F|  |TAMS 0x000000061b800000, 0x000000061b800000| Untracked 
| 108|0x000000061bc00000, 0x000000061bc00000, 0x000000061c000000|  0%| F|  |TAMS 0x000000061bc00000, 0x000000061bc00000| Untracked 
| 109|0x000000061c000000, 0x000000061c000000, 0x000000061c400000|  0%| F|  |TAMS 0x000000061c000000, 0x000000061c000000| Untracked 
| 110|0x000000061c400000, 0x000000061c400000, 0x000000061c800000|  0%| F|  |TAMS 0x000000061c400000, 0x000000061c400000| Untracked 
| 111|0x000000061c800000, 0x000000061c800000, 0x000000061cc00000|  0%| F|  |TAMS 0x000000061c800000, 0x000000061c800000| Untracked 
| 112|0x000000061cc00000, 0x000000061cc00000, 0x000000061d000000|  0%| F|  |TAMS 0x000000061cc00000, 0x000000061cc00000| Untracked 
| 113|0x000000061d000000, 0x000000061d000000, 0x000000061d400000|  0%| F|  |TAMS 0x000000061d000000, 0x000000061d000000| Untracked 
| 114|0x000000061d400000, 0x000000061d400000, 0x000000061d800000|  0%| F|  |TAMS 0x000000061d400000, 0x000000061d400000| Untracked 
| 115|0x000000061d800000, 0x000000061d800000, 0x000000061dc00000|  0%| F|  |TAMS 0x000000061d800000, 0x000000061d800000| Untracked 
| 116|0x000000061dc00000, 0x000000061dc00000, 0x000000061e000000|  0%| F|  |TAMS 0x000000061dc00000, 0x000000061dc00000| Untracked 
| 117|0x000000061e000000, 0x000000061e000000, 0x000000061e400000|  0%| F|  |TAMS 0x000000061e000000, 0x000000061e000000| Untracked 
| 118|0x000000061e400000, 0x000000061e400000, 0x000000061e800000|  0%| F|  |TAMS 0x000000061e400000, 0x000000061e400000| Untracked 
| 119|0x000000061e800000, 0x000000061e800000, 0x000000061ec00000|  0%| F|  |TAMS 0x000000061e800000, 0x000000061e800000| Untracked 
| 120|0x000000061ec00000, 0x000000061ec00000, 0x000000061f000000|  0%| F|  |TAMS 0x000000061ec00000, 0x000000061ec00000| Untracked 
| 121|0x000000061f000000, 0x000000061f000000, 0x000000061f400000|  0%| F|  |TAMS 0x000000061f000000, 0x000000061f000000| Untracked 
| 122|0x000000061f400000, 0x000000061f400000, 0x000000061f800000|  0%| F|  |TAMS 0x000000061f400000, 0x000000061f400000| Untracked 
| 123|0x000000061f800000, 0x000000061f800000, 0x000000061fc00000|  0%| F|  |TAMS 0x000000061f800000, 0x000000061f800000| Untracked 
| 124|0x000000061fc00000, 0x000000061fc00000, 0x0000000620000000|  0%| F|  |TAMS 0x000000061fc00000, 0x000000061fc00000| Untracked 
| 125|0x0000000620000000, 0x0000000620000000, 0x0000000620400000|  0%| F|  |TAMS 0x0000000620000000, 0x0000000620000000| Untracked 
| 126|0x0000000620400000, 0x0000000620400000, 0x0000000620800000|  0%| F|  |TAMS 0x0000000620400000, 0x0000000620400000| Untracked 
| 127|0x0000000620800000, 0x0000000620800000, 0x0000000620c00000|  0%| F|  |TAMS 0x0000000620800000, 0x0000000620800000| Untracked 
| 128|0x0000000620c00000, 0x0000000620c00000, 0x0000000621000000|  0%| F|  |TAMS 0x0000000620c00000, 0x0000000620c00000| Untracked 
| 129|0x0000000621000000, 0x0000000621000000, 0x0000000621400000|  0%| F|  |TAMS 0x0000000621000000, 0x0000000621000000| Untracked 
| 130|0x0000000621400000, 0x0000000621400000, 0x0000000621800000|  0%| F|  |TAMS 0x0000000621400000, 0x0000000621400000| Untracked 
| 131|0x0000000621800000, 0x0000000621800000, 0x0000000621c00000|  0%| F|  |TAMS 0x0000000621800000, 0x0000000621800000| Untracked 
| 132|0x0000000621c00000, 0x0000000621c00000, 0x0000000622000000|  0%| F|  |TAMS 0x0000000621c00000, 0x0000000621c00000| Untracked 
| 133|0x0000000622000000, 0x0000000622000000, 0x0000000622400000|  0%| F|  |TAMS 0x0000000622000000, 0x0000000622000000| Untracked 
| 134|0x0000000622400000, 0x0000000622400000, 0x0000000622800000|  0%| F|  |TAMS 0x0000000622400000, 0x0000000622400000| Untracked 
| 135|0x0000000622800000, 0x0000000622800000, 0x0000000622c00000|  0%| F|  |TAMS 0x0000000622800000, 0x0000000622800000| Untracked 
| 136|0x0000000622c00000, 0x0000000622c00000, 0x0000000623000000|  0%| F|  |TAMS 0x0000000622c00000, 0x0000000622c00000| Untracked 
| 137|0x0000000623000000, 0x0000000623000000, 0x0000000623400000|  0%| F|  |TAMS 0x0000000623000000, 0x0000000623000000| Untracked 
| 138|0x0000000623400000, 0x0000000623400000, 0x0000000623800000|  0%| F|  |TAMS 0x0000000623400000, 0x0000000623400000| Untracked 
| 139|0x0000000623800000, 0x0000000623800000, 0x0000000623c00000|  0%| F|  |TAMS 0x0000000623800000, 0x0000000623800000| Untracked 
| 140|0x0000000623c00000, 0x0000000623c00000, 0x0000000624000000|  0%| F|  |TAMS 0x0000000623c00000, 0x0000000623c00000| Untracked 
| 141|0x0000000624000000, 0x0000000624000000, 0x0000000624400000|  0%| F|  |TAMS 0x0000000624000000, 0x0000000624000000| Untracked 
| 142|0x0000000624400000, 0x0000000624400000, 0x0000000624800000|  0%| F|  |TAMS 0x0000000624400000, 0x0000000624400000| Untracked 
| 143|0x0000000624800000, 0x0000000624800000, 0x0000000624c00000|  0%| F|  |TAMS 0x0000000624800000, 0x0000000624800000| Untracked 
| 144|0x0000000624c00000, 0x0000000624c00000, 0x0000000625000000|  0%| F|  |TAMS 0x0000000624c00000, 0x0000000624c00000| Untracked 
| 145|0x0000000625000000, 0x0000000625000000, 0x0000000625400000|  0%| F|  |TAMS 0x0000000625000000, 0x0000000625000000| Untracked 
| 146|0x0000000625400000, 0x0000000625400000, 0x0000000625800000|  0%| F|  |TAMS 0x0000000625400000, 0x0000000625400000| Untracked 
| 147|0x0000000625800000, 0x0000000625800000, 0x0000000625c00000|  0%| F|  |TAMS 0x0000000625800000, 0x0000000625800000| Untracked 
| 148|0x0000000625c00000, 0x0000000625c00000, 0x0000000626000000|  0%| F|  |TAMS 0x0000000625c00000, 0x0000000625c00000| Untracked 
| 149|0x0000000626000000, 0x0000000626000000, 0x0000000626400000|  0%| F|  |TAMS 0x0000000626000000, 0x0000000626000000| Untracked 
| 150|0x0000000626400000, 0x0000000626400000, 0x0000000626800000|  0%| F|  |TAMS 0x0000000626400000, 0x0000000626400000| Untracked 
| 151|0x0000000626800000, 0x0000000626800000, 0x0000000626c00000|  0%| F|  |TAMS 0x0000000626800000, 0x0000000626800000| Untracked 
| 152|0x0000000626c00000, 0x0000000626c00000, 0x0000000627000000|  0%| F|  |TAMS 0x0000000626c00000, 0x0000000626c00000| Untracked 
| 153|0x0000000627000000, 0x0000000627000000, 0x0000000627400000|  0%| F|  |TAMS 0x0000000627000000, 0x0000000627000000| Untracked 
| 154|0x0000000627400000, 0x0000000627400000, 0x0000000627800000|  0%| F|  |TAMS 0x0000000627400000, 0x0000000627400000| Untracked 
| 155|0x0000000627800000, 0x0000000627800000, 0x0000000627c00000|  0%| F|  |TAMS 0x0000000627800000, 0x0000000627800000| Untracked 
| 156|0x0000000627c00000, 0x0000000627c00000, 0x0000000628000000|  0%| F|  |TAMS 0x0000000627c00000, 0x0000000627c00000| Untracked 
| 157|0x0000000628000000, 0x0000000628000000, 0x0000000628400000|  0%| F|  |TAMS 0x0000000628000000, 0x0000000628000000| Untracked 
| 158|0x0000000628400000, 0x0000000628400000, 0x0000000628800000|  0%| F|  |TAMS 0x0000000628400000, 0x0000000628400000| Untracked 
| 159|0x0000000628800000, 0x0000000628800000, 0x0000000628c00000|  0%| F|  |TAMS 0x0000000628800000, 0x0000000628800000| Untracked 
| 160|0x0000000628c00000, 0x0000000628c00000, 0x0000000629000000|  0%| F|  |TAMS 0x0000000628c00000, 0x0000000628c00000| Untracked 
| 161|0x0000000629000000, 0x0000000629000000, 0x0000000629400000|  0%| F|  |TAMS 0x0000000629000000, 0x0000000629000000| Untracked 
| 162|0x0000000629400000, 0x0000000629400000, 0x0000000629800000|  0%| F|  |TAMS 0x0000000629400000, 0x0000000629400000| Untracked 
| 163|0x0000000629800000, 0x0000000629800000, 0x0000000629c00000|  0%| F|  |TAMS 0x0000000629800000, 0x0000000629800000| Untracked 
| 164|0x0000000629c00000, 0x0000000629c00000, 0x000000062a000000|  0%| F|  |TAMS 0x0000000629c00000, 0x0000000629c00000| Untracked 
| 165|0x000000062a000000, 0x000000062a000000, 0x000000062a400000|  0%| F|  |TAMS 0x000000062a000000, 0x000000062a000000| Untracked 
| 166|0x000000062a400000, 0x000000062a400000, 0x000000062a800000|  0%| F|  |TAMS 0x000000062a400000, 0x000000062a400000| Untracked 
| 167|0x000000062a800000, 0x000000062a800000, 0x000000062ac00000|  0%| F|  |TAMS 0x000000062a800000, 0x000000062a800000| Untracked 

Card table byte_map: [0x00000235b2a60000,0x00000235b3a60000] _byte_map_base: 0x00000235afa5a000

Marking Bits (Prev, Next): (CMBitMap*) 0x000002359a577170, (CMBitMap*) 0x000002359a5771b0
 Prev Bits: [0x00000235b4a60000, 0x00000235bca30000)
 Next Bits: [0x00000235bca30000, 0x00000235c4a00000)

Polling page: 0x0000023598170000

Metaspace:

Usage:
  Non-class:     14.23 MB used.
      Class:      1.86 MB used.
       Both:     16.08 MB used.

Virtual space:
  Non-class space:       16.00 MB reserved,      14.38 MB ( 90%) committed,  2 nodes.
      Class space:        1.00 GB reserved,       2.00 MB ( <1%) committed,  1 nodes.
              Both:        1.02 GB reserved,      16.38 MB (  2%) committed. 

Chunk freelists:
   Non-Class:  1005.00 KB
       Class:  1.95 MB
        Both:  2.93 MB

MaxMetaspaceSize: 17179869184.00 GB
CompressedClassSpaceSize: 1.00 GB
 - commit_granule_bytes: 65536.
 - commit_granule_words: 8192.
 - virtual_space_node_default_size: 1048576.
 - enlarge_chunks_in_place: 1.
 - new_chunks_are_fully_committed: 0.
 - uncommit_free_chunks: 1.
 - use_allocation_guard: 0.
 - handle_deallocations: 1.


Internal statistics:

num_allocs_failed_limit: 0.
num_arena_births: 214.
num_arena_deaths: 0.
num_vsnodes_births: 3.
num_vsnodes_deaths: 0.
num_space_committed: 262.
num_space_uncommitted: 0.
num_chunks_returned_to_freelist: 0.
num_chunks_taken_from_freelist: 776.
num_chunk_merges: 0.
num_chunk_splits: 514.
num_chunks_enlarged: 380.
num_purges: 0.

CodeHeap 'non-profiled nmethods': size=119168Kb used=2146Kb max_used=2146Kb free=117021Kb
 bounds [0x00000235a9820000, 0x00000235a9a90000, 0x00000235b0c80000]
CodeHeap 'profiled nmethods': size=119104Kb used=6407Kb max_used=6407Kb free=112696Kb
 bounds [0x00000235a23d0000, 0x00000235a2a20000, 0x00000235a9820000]
CodeHeap 'non-nmethods': size=7488Kb used=1204Kb max_used=2945Kb free=6283Kb
 bounds [0x00000235a1c80000, 0x00000235a1f70000, 0x00000235a23d0000]
 total_blobs=3837 nmethods=3342 adapters=406
 compilation: enabled
              stopped_count=0, restarted_count=0
 full_count=0

Compilation events (20 events):
Event: 4.139 Thread 0x00000235c8032350 3333       3       jdk.internal.reflect.AccessorGenerator::sub (5 bytes)
Event: 4.139 Thread 0x00000235c8032350 nmethod 3333 0x00000235a2a0ea90 code [0x00000235a2a0ec20, 0x00000235a2a0ed18]
Event: 4.139 Thread 0x00000235c8032350 3335       3       jdk.internal.reflect.ClassFileAssembler::incStack (11 bytes)
Event: 4.140 Thread 0x00000235c8032350 nmethod 3335 0x00000235a2a0ed90 code [0x00000235a2a0ef40, 0x00000235a2a0f0f8]
Event: 4.140 Thread 0x00000235c8032350 3334       3       jdk.internal.reflect.ClassFileAssembler::emitConstantPoolNameAndType (28 bytes)
Event: 4.140 Thread 0x00000235c8032350 nmethod 3334 0x00000235a2a0f190 code [0x00000235a2a0f3c0, 0x00000235a2a0faa8]
Event: 4.140 Thread 0x00000235c8032350 3336       3       java.util.regex.Pattern$$Lambda$21/0x80000002b::is (13 bytes)
Event: 4.140 Thread 0x00000235c8032350 nmethod 3336 0x00000235a2a0fe10 code [0x00000235a2a0ffc0, 0x00000235a2a10218]
Event: 4.140 Thread 0x00000235c8032350 3337       3       java.util.regex.Pattern::lambda$Range$10 (7 bytes)
Event: 4.140 Thread 0x00000235c8032350 nmethod 3337 0x00000235a2a10310 code [0x00000235a2a104c0, 0x00000235a2a10698]
Event: 4.140 Thread 0x00000235c8032350 3338       3       java.util.regex.Pattern::inRange (16 bytes)
Event: 4.140 Thread 0x00000235c8032350 nmethod 3338 0x00000235a2a10790 code [0x00000235a2a10920, 0x00000235a2a10a98]
Event: 4.147 Thread 0x00000235c8032350 3339       3       org.springframework.core.OrderComparator::compare (8 bytes)
Event: 4.147 Thread 0x00000235c8032350 nmethod 3339 0x00000235a2a10b10 code [0x00000235a2a10cc0, 0x00000235a2a10e08]
Event: 4.147 Thread 0x00000235c8032350 3341       3       org.springframework.core.annotation.TypeMappedAnnotations::<init> (36 bytes)
Event: 4.147 Thread 0x00000235c8032350 nmethod 3341 0x00000235a2a10e90 code [0x00000235a2a11040, 0x00000235a2a113d8]
Event: 4.147 Thread 0x00000235c8032350 3340       3       org.springframework.core.OrderComparator::doCompare (60 bytes)
Event: 4.147 Thread 0x00000235c8032350 nmethod 3340 0x00000235a2a11490 code [0x00000235a2a116a0, 0x00000235a2a11d18]
Event: 4.153 Thread 0x00000235ca6fcdd0 3342       4       java.lang.Integer::numberOfLeadingZeros (79 bytes)
Event: 4.154 Thread 0x00000235ca6fcdd0 nmethod 3342 0x00000235a9a38690 code [0x00000235a9a38800, 0x00000235a9a388b8]

GC Heap History (20 events):
Event: 0.457 GC heap after
{Heap after GC invocations=2 (full 0):
 garbage-first heap   total 524288K, used 3613K [0x0000000600c00000, 0x0000000800000000)
  region size 4096K, 1 young (4096K), 1 survivors (4096K)
 Metaspace       used 5630K, committed 5824K, reserved 1056768K
  class space    used 584K, committed 704K, reserved 1048576K
}
Event: 2.137 GC heap before
{Heap before GC invocations=2 (full 0):
 garbage-first heap   total 524288K, used 310813K [0x0000000600c00000, 0x0000000800000000)
  region size 4096K, 76 young (311296K), 1 survivors (4096K)
 Metaspace       used 15578K, committed 15808K, reserved 1064960K
  class space    used 1804K, committed 1920K, reserved 1048576K
}
Event: 2.141 GC heap after
{Heap after GC invocations=3 (full 0):
 garbage-first heap   total 524288K, used 7853K [0x0000000600c00000, 0x0000000800000000)
  region size 4096K, 2 young (8192K), 2 survivors (8192K)
 Metaspace       used 15578K, committed 15808K, reserved 1064960K
  class space    used 1804K, committed 1920K, reserved 1048576K
}
Event: 3.577 GC heap before
{Heap before GC invocations=3 (full 0):
 garbage-first heap   total 524288K, used 310957K [0x0000000600c00000, 0x0000000800000000)
  region size 4096K, 76 young (311296K), 2 survivors (8192K)
 Metaspace       used 15765K, committed 16000K, reserved 1064960K
  class space    used 1828K, committed 1984K, reserved 1048576K
}
Event: 3.580 GC heap after
{Heap after GC invocations=4 (full 0):
 garbage-first heap   total 524288K, used 10653K [0x0000000600c00000, 0x0000000800000000)
  region size 4096K, 3 young (12288K), 3 survivors (12288K)
 Metaspace       used 15765K, committed 16000K, reserved 1064960K
  class space    used 1828K, committed 1984K, reserved 1048576K
}
Event: 3.685 GC heap before
{Heap before GC invocations=4 (full 0):
 garbage-first heap   total 524288K, used 309661K [0x0000000600c00000, 0x0000000800000000)
  region size 4096K, 76 young (311296K), 3 survivors (12288K)
 Metaspace       used 15989K, committed 16256K, reserved 1064960K
  class space    used 1850K, committed 1984K, reserved 1048576K
}
Event: 3.688 GC heap after
{Heap after GC invocations=5 (full 0):
 garbage-first heap   total 524288K, used 11113K [0x0000000600c00000, 0x0000000800000000)
  region size 4096K, 3 young (12288K), 3 survivors (12288K)
 Metaspace       used 15989K, committed 16256K, reserved 1064960K
  class space    used 1850K, committed 1984K, reserved 1048576K
}
Event: 3.771 GC heap before
{Heap before GC invocations=5 (full 0):
 garbage-first heap   total 524288K, used 310121K [0x0000000600c00000, 0x0000000800000000)
  region size 4096K, 76 young (311296K), 3 survivors (12288K)
 Metaspace       used 16166K, committed 16448K, reserved 1064960K
  class space    used 1871K, committed 2048K, reserved 1048576K
}
Event: 3.774 GC heap after
{Heap after GC invocations=6 (full 0):
 garbage-first heap   total 524288K, used 11709K [0x0000000600c00000, 0x0000000800000000)
  region size 4096K, 3 young (12288K), 3 survivors (12288K)
 Metaspace       used 16166K, committed 16448K, reserved 1064960K
  class space    used 1871K, committed 2048K, reserved 1048576K
}
Event: 3.833 GC heap before
{Heap before GC invocations=6 (full 0):
 garbage-first heap   total 524288K, used 310717K [0x0000000600c00000, 0x0000000800000000)
  region size 4096K, 76 young (311296K), 3 survivors (12288K)
 Metaspace       used 16210K, committed 16576K, reserved 1064960K
  class space    used 1874K, committed 2048K, reserved 1048576K
}
Event: 3.837 GC heap after
{Heap after GC invocations=7 (full 0):
 garbage-first heap   total 524288K, used 11479K [0x0000000600c00000, 0x0000000800000000)
  region size 4096K, 3 young (12288K), 3 survivors (12288K)
 Metaspace       used 16210K, committed 16576K, reserved 1064960K
  class space    used 1874K, committed 2048K, reserved 1048576K
}
Event: 3.889 GC heap before
{Heap before GC invocations=7 (full 0):
 garbage-first heap   total 524288K, used 310487K [0x0000000600c00000, 0x0000000800000000)
  region size 4096K, 76 young (311296K), 3 survivors (12288K)
 Metaspace       used 16246K, committed 16576K, reserved 1064960K
  class space    used 1877K, committed 2048K, reserved 1048576K
}
Event: 3.893 GC heap after
{Heap after GC invocations=8 (full 0):
 garbage-first heap   total 688128K, used 11522K [0x0000000600c00000, 0x0000000800000000)
  region size 4096K, 3 young (12288K), 3 survivors (12288K)
 Metaspace       used 16246K, committed 16576K, reserved 1064960K
  class space    used 1877K, committed 2048K, reserved 1048576K
}
Event: 3.948 GC heap before
{Heap before GC invocations=8 (full 0):
 garbage-first heap   total 688128K, used 408834K [0x0000000600c00000, 0x0000000800000000)
  region size 4096K, 100 young (409600K), 3 survivors (12288K)
 Metaspace       used 16310K, committed 16640K, reserved 1064960K
  class space    used 1884K, committed 2048K, reserved 1048576K
}
Event: 3.951 GC heap after
{Heap after GC invocations=9 (full 0):
 garbage-first heap   total 688128K, used 11767K [0x0000000600c00000, 0x0000000800000000)
  region size 4096K, 3 young (12288K), 3 survivors (12288K)
 Metaspace       used 16310K, committed 16640K, reserved 1064960K
  class space    used 1884K, committed 2048K, reserved 1048576K
}
Event: 4.017 GC heap before
{Heap before GC invocations=9 (full 0):
 garbage-first heap   total 688128K, used 409079K [0x0000000600c00000, 0x0000000800000000)
  region size 4096K, 100 young (409600K), 3 survivors (12288K)
 Metaspace       used 16346K, committed 16640K, reserved 1064960K
  class space    used 1888K, committed 2048K, reserved 1048576K
}
Event: 4.021 GC heap after
{Heap after GC invocations=10 (full 0):
 garbage-first heap   total 688128K, used 11914K [0x0000000600c00000, 0x0000000800000000)
  region size 4096K, 3 young (12288K), 3 survivors (12288K)
 Metaspace       used 16346K, committed 16640K, reserved 1064960K
  class space    used 1888K, committed 2048K, reserved 1048576K
}
Event: 4.098 GC heap before
{Heap before GC invocations=10 (full 0):
 garbage-first heap   total 688128K, used 409226K [0x0000000600c00000, 0x0000000800000000)
  region size 4096K, 100 young (409600K), 3 survivors (12288K)
 Metaspace       used 16451K, committed 16768K, reserved 1064960K
  class space    used 1898K, committed 2048K, reserved 1048576K
}
Event: 4.103 GC heap after
{Heap after GC invocations=11 (full 0):
 garbage-first heap   total 688128K, used 11926K [0x0000000600c00000, 0x0000000800000000)
  region size 4096K, 3 young (12288K), 3 survivors (12288K)
 Metaspace       used 16451K, committed 16768K, reserved 1064960K
  class space    used 1898K, committed 2048K, reserved 1048576K
}
Event: 4.159 GC heap before
{Heap before GC invocations=11 (full 0):
 garbage-first heap   total 688128K, used 409238K [0x0000000600c00000, 0x0000000800000000)
  region size 4096K, 100 young (409600K), 3 survivors (12288K)
 Metaspace       used 16469K, committed 16768K, reserved 1064960K
  class space    used 1899K, committed 2048K, reserved 1048576K
}

Deoptimization events (20 events):
Event: 3.928 Thread 0x000002359a4fbe80 DEOPT PACKING pc=0x00000235a9a21e4c sp=0x00000083048fd600
Event: 3.929 Thread 0x000002359a4fbe80 DEOPT UNPACKING pc=0x00000235a1ccd72e sp=0x00000083048fd5a0 mode 2
Event: 3.929 Thread 0x000002359a4fbe80 Uncommon trap: trap_request=0xffffffd6 fr.pc=0x00000235a9a21e4c relative=0x000000000000038c
Event: 3.929 Thread 0x000002359a4fbe80 Uncommon trap: reason=array_check action=maybe_recompile pc=0x00000235a9a21e4c method=java.util.AbstractCollection.toArray([Ljava/lang/Object;)[Ljava/lang/Object; @ 116 c2
Event: 3.929 Thread 0x000002359a4fbe80 DEOPT PACKING pc=0x00000235a9a21e4c sp=0x00000083048fd690
Event: 3.929 Thread 0x000002359a4fbe80 DEOPT UNPACKING pc=0x00000235a1ccd72e sp=0x00000083048fd630 mode 2
Event: 3.929 Thread 0x000002359a4fbe80 Uncommon trap: trap_request=0xffffffd6 fr.pc=0x00000235a9a21e4c relative=0x000000000000038c
Event: 3.929 Thread 0x000002359a4fbe80 Uncommon trap: reason=array_check action=maybe_recompile pc=0x00000235a9a21e4c method=java.util.AbstractCollection.toArray([Ljava/lang/Object;)[Ljava/lang/Object; @ 116 c2
Event: 3.929 Thread 0x000002359a4fbe80 DEOPT PACKING pc=0x00000235a9a21e4c sp=0x00000083048fd720
Event: 3.929 Thread 0x000002359a4fbe80 DEOPT UNPACKING pc=0x00000235a1ccd72e sp=0x00000083048fd6c0 mode 2
Event: 3.929 Thread 0x000002359a4fbe80 Uncommon trap: trap_request=0xffffffd6 fr.pc=0x00000235a9a21e4c relative=0x000000000000038c
Event: 3.929 Thread 0x000002359a4fbe80 Uncommon trap: reason=array_check action=maybe_recompile pc=0x00000235a9a21e4c method=java.util.AbstractCollection.toArray([Ljava/lang/Object;)[Ljava/lang/Object; @ 116 c2
Event: 3.929 Thread 0x000002359a4fbe80 DEOPT PACKING pc=0x00000235a9a21e4c sp=0x00000083048fd7b0
Event: 3.929 Thread 0x000002359a4fbe80 DEOPT UNPACKING pc=0x00000235a1ccd72e sp=0x00000083048fd750 mode 2
Event: 3.945 Thread 0x000002359a4fbe80 Uncommon trap: trap_request=0xffffffc6 fr.pc=0x00000235a996b60c relative=0x000000000000098c
Event: 3.945 Thread 0x000002359a4fbe80 Uncommon trap: reason=bimorphic_or_optimized_type_check action=maybe_recompile pc=0x00000235a996b60c method=java.util.HashMap.putVal(ILjava/lang/Object;Ljava/lang/Object;ZZ)Ljava/lang/Object; @ 203 c2
Event: 3.945 Thread 0x000002359a4fbe80 DEOPT PACKING pc=0x00000235a996b60c sp=0x00000083048fd850
Event: 3.945 Thread 0x000002359a4fbe80 DEOPT UNPACKING pc=0x00000235a1ccd72e sp=0x00000083048fd7e0 mode 2
Event: 3.959 Thread 0x000002359a4fbe80 DEOPT PACKING pc=0x00000235a29e93e4 sp=0x00000083048fd920
Event: 3.959 Thread 0x000002359a4fbe80 DEOPT UNPACKING pc=0x00000235a1ccdece sp=0x00000083048fcdc0 mode 0

Classes unloaded (0 events):
No events

Classes redefined (0 events):
No events

Internal exceptions (20 events):
Event: 0.808 Thread 0x000002359a4fbe80 Implicit null exception at 0x00000235a988f592 to 0x00000235a988ff8c
Event: 0.901 Thread 0x000002359a4fbe80 Exception <a 'java/lang/ClassNotFoundException'{0x00000006196c8fe0}: java/lang/ObjectCustomizer> (0x00000006196c8fe0) 
thrown [t:\workspace\open\src\hotspot\share\classfile\systemDictionary.cpp, line 256]
Event: 0.904 Thread 0x000002359a4fbe80 Exception <a 'java/lang/IncompatibleClassChangeError'{0x00000006196cdf50}: Found class java.lang.Object, but interface was expected> (0x00000006196cdf50) 
thrown [t:\workspace\open\src\hotspot\share\interpreter\linkResolver.cpp, line 857]
Event: 0.909 Thread 0x000002359a4fbe80 Exception <a 'java/lang/ClassNotFoundException'{0x000000061970bbc8}: org/springframework/context/annotation/ConfigurationClassPostProcessorCustomizer> (0x000000061970bbc8) 
thrown [t:\workspace\open\src\hotspot\share\classfile\systemDictionary.cpp, line 256]
Event: 0.918 Thread 0x000002359a4fbe80 Exception <a 'java/lang/ClassNotFoundException'{0x00000006197cf560}: org/springframework/beans/factory/support/BeanDefinitionRegistryPostProcessorCustomizer> (0x00000006197cf560) 
thrown [t:\workspace\open\src\hotspot\share\classfile\systemDictionary.cpp, line 256]
Event: 0.918 Thread 0x000002359a4fbe80 Exception <a 'java/lang/ClassNotFoundException'{0x00000006197f8978}: org/springframework/beans/factory/config/BeanFactoryPostProcessorCustomizer> (0x00000006197f8978) 
thrown [t:\workspace\open\src\hotspot\share\classfile\systemDictionary.cpp, line 256]
Event: 0.918 Thread 0x000002359a4fbe80 Exception <a 'java/lang/ClassNotFoundException'{0x000000061901ec28}: org/springframework/core/PriorityOrderedCustomizer> (0x000000061901ec28) 
thrown [t:\workspace\open\src\hotspot\share\classfile\systemDictionary.cpp, line 256]
Event: 0.919 Thread 0x000002359a4fbe80 Exception <a 'java/lang/ClassNotFoundException'{0x0000000619042678}: org/springframework/core/OrderedCustomizer> (0x0000000619042678) 
thrown [t:\workspace\open\src\hotspot\share\classfile\systemDictionary.cpp, line 256]
Event: 0.919 Thread 0x000002359a4fbe80 Exception <a 'java/lang/ClassNotFoundException'{0x0000000619069090}: org/springframework/context/ResourceLoaderAwareCustomizer> (0x0000000619069090) 
thrown [t:\workspace\open\src\hotspot\share\classfile\systemDictionary.cpp, line 256]
Event: 0.919 Thread 0x000002359a4fbe80 Exception <a 'java/lang/ClassNotFoundException'{0x000000061908ebe0}: org/springframework/beans/factory/AwareCustomizer> (0x000000061908ebe0) 
thrown [t:\workspace\open\src\hotspot\share\classfile\systemDictionary.cpp, line 256]
Event: 0.920 Thread 0x000002359a4fbe80 Exception <a 'java/lang/ClassNotFoundException'{0x00000006190b56c0}: org/springframework/beans/factory/BeanClassLoaderAwareCustomizer> (0x00000006190b56c0) 
thrown [t:\workspace\open\src\hotspot\share\classfile\systemDictionary.cpp, line 256]
Event: 0.920 Thread 0x000002359a4fbe80 Exception <a 'java/lang/ClassNotFoundException'{0x00000006190db208}: org/springframework/beans/factory/AwareCustomizer> (0x00000006190db208) 
thrown [t:\workspace\open\src\hotspot\share\classfile\systemDictionary.cpp, line 256]
Event: 0.921 Thread 0x000002359a4fbe80 Exception <a 'java/lang/ClassNotFoundException'{0x00000006191007f8}: org/springframework/context/EnvironmentAwareCustomizer> (0x00000006191007f8) 
thrown [t:\workspace\open\src\hotspot\share\classfile\systemDictionary.cpp, line 256]
Event: 0.921 Thread 0x000002359a4fbe80 Exception <a 'java/lang/ClassNotFoundException'{0x0000000619126290}: org/springframework/beans/factory/AwareCustomizer> (0x0000000619126290) 
thrown [t:\workspace\open\src\hotspot\share\classfile\systemDictionary.cpp, line 256]
Event: 0.939 Thread 0x000002359a4fbe80 Exception <a 'java/lang/ClassNotFoundException'{0x0000000619393808}: org/springframework/boot/loader/jar/Handler> (0x0000000619393808) 
thrown [t:\workspace\open\src\hotspot\share\classfile\systemDictionary.cpp, line 256]
Event: 0.992 Thread 0x000002359a4fbe80 Exception <a 'java/lang/NoSuchMethodError'{0x00000006189ad3a0}: 'int java.lang.invoke.DirectMethodHandle$Holder.invokeSpecialIFC(java.lang.Object, java.lang.Object, java.lang.Object, java.lang.Object)'> (0x00000006189ad3a0) 
thrown [t:\workspace\open\src\hotspot\share\interpreter\linkResolver.cpp, line 790]
Event: 1.090 Thread 0x00000235cb51b830 Implicit null exception at 0x00000235a990a7dc to 0x00000235a991258c
Event: 1.320 Thread 0x00000235cba2f680 Implicit null exception at 0x00000235a98c5cf0 to 0x00000235a98ccff8
Event: 3.539 Thread 0x000002359a4fbe80 Exception <a 'java/lang/IncompatibleClassChangeError'{0x00000006128fb420}: Found class java.lang.Object, but interface was expected> (0x00000006128fb420) 
thrown [t:\workspace\open\src\hotspot\share\interpreter\linkResolver.cpp, line 857]
Event: 3.565 Thread 0x000002359a4fbe80 Exception <a 'java/lang/NoSuchMethodError'{0x00000006125b4298}: 'void java.lang.invoke.DirectMethodHandle$Holder.invokeInterface(java.lang.Object, java.lang.Object, java.lang.Object, java.lang.Object)'> (0x00000006125b4298) 
thrown [t:\workspace\open\src\hotspot\share\interpreter\linkResolver.cpp, line 790]

Events (20 events):
Event: 4.158 Thread 0x00000235c9af2700 Thread added: 0x00000235c9af2700
Event: 4.158 Thread 0x00000235c9af2700 Thread exited: 0x00000235c9af2700
Event: 4.158 Thread 0x00000235c9af3c40 Thread added: 0x00000235c9af3c40
Event: 4.158 Thread 0x00000235c9af3c40 Thread exited: 0x00000235c9af3c40
Event: 4.158 Thread 0x00000235c9af3c40 Thread added: 0x00000235c9af3c40
Event: 4.158 Thread 0x00000235c9af3c40 Thread exited: 0x00000235c9af3c40
Event: 4.158 Thread 0x00000235c9af4190 Thread added: 0x00000235c9af4190
Event: 4.158 Thread 0x00000235c9af4190 Thread exited: 0x00000235c9af4190
Event: 4.158 Thread 0x00000235c9af56d0 Thread added: 0x00000235c9af56d0
Event: 4.159 Thread 0x00000235c9af56d0 Thread exited: 0x00000235c9af56d0
Event: 4.159 Thread 0x00000235c9af5c20 Thread added: 0x00000235c9af5c20
Event: 4.159 Thread 0x00000235c9af5c20 Thread exited: 0x00000235c9af5c20
Event: 4.159 Thread 0x00000235c9af2700 Thread added: 0x00000235c9af2700
Event: 4.159 Thread 0x00000235c9af2700 Thread exited: 0x00000235c9af2700
Event: 4.159 Thread 0x00000235c9af4190 Thread added: 0x00000235c9af4190
Event: 4.159 Thread 0x00000235c9af4190 Thread exited: 0x00000235c9af4190
Event: 4.159 Thread 0x00000235c9af4c30 Thread added: 0x00000235c9af4c30
Event: 4.159 Thread 0x00000235c9af4c30 Thread exited: 0x00000235c9af4c30
Event: 4.159 Thread 0x00000235c9af56d0 Thread added: 0x00000235c9af56d0
Event: 4.159 Executing  VM operation: G1CollectForAllocation


Dynamic libraries:
0x00007ff602520000 - 0x00007ff602530000 	C:\Program Files\Java\jdk-16.0.1\bin\java.exe
0x00007ffe58f10000 - 0x00007ffe59108000 	C:\Windows\SYSTEM32\ntdll.dll
0x00007ffe58320000 - 0x00007ffe583dd000 	C:\Windows\System32\KERNEL32.DLL
0x00007ffe56630000 - 0x00007ffe568fe000 	C:\Windows\System32\KERNELBASE.dll
0x00007ffe569e0000 - 0x00007ffe56ae0000 	C:\Windows\System32\ucrtbase.dll
0x00007ffe4cce0000 - 0x00007ffe4ccf9000 	C:\Program Files\Java\jdk-16.0.1\bin\VCRUNTIME140.dll
0x00007ffe4cc90000 - 0x00007ffe4cca8000 	C:\Program Files\Java\jdk-16.0.1\bin\jli.dll
0x00007ffe56f70000 - 0x00007ffe5701e000 	C:\Windows\System32\ADVAPI32.dll
0x00007ffe586f0000 - 0x00007ffe5878e000 	C:\Windows\System32\msvcrt.dll
0x00007ffe57ad0000 - 0x00007ffe57b6c000 	C:\Windows\System32\sechost.dll
0x00007ffe57e40000 - 0x00007ffe57f65000 	C:\Windows\System32\RPCRT4.dll
0x00007ffe57ca0000 - 0x00007ffe57e40000 	C:\Windows\System32\USER32.dll
0x00007ffe48770000 - 0x00007ffe48a0a000 	C:\Windows\WinSxS\amd64_microsoft.windows.common-controls_6595b64144ccf1df_6.0.19041.1110_none_60b5254171f9507e\COMCTL32.dll
0x00007ffe56ae0000 - 0x00007ffe56b02000 	C:\Windows\System32\win32u.dll
0x00007ffe585f0000 - 0x00007ffe5861a000 	C:\Windows\System32\GDI32.dll
0x00007ffe56b80000 - 0x00007ffe56c8b000 	C:\Windows\System32\gdi32full.dll
0x00007ffe56e20000 - 0x00007ffe56ebd000 	C:\Windows\System32\msvcp_win.dll
0x00007ffe4fba0000 - 0x00007ffe4fbaa000 	C:\Windows\SYSTEM32\VERSION.dll
0x00007ffe58620000 - 0x00007ffe58650000 	C:\Windows\System32\IMM32.DLL
0x00007ffe4f950000 - 0x00007ffe4f95c000 	C:\Program Files\Java\jdk-16.0.1\bin\vcruntime140_1.dll
0x00007ffe2fe90000 - 0x00007ffe2ff21000 	C:\Program Files\Java\jdk-16.0.1\bin\msvcp140.dll
0x00007ffd68d10000 - 0x00007ffd698bb000 	C:\Program Files\Java\jdk-16.0.1\bin\server\jvm.dll
0x00007ffe585e0000 - 0x00007ffe585e8000 	C:\Windows\System32\PSAPI.DLL
0x00007ffe45480000 - 0x00007ffe45489000 	C:\Windows\SYSTEM32\WSOCK32.dll
0x00007ffe470c0000 - 0x00007ffe470e7000 	C:\Windows\SYSTEM32\WINMM.dll
0x00007ffe58570000 - 0x00007ffe585db000 	C:\Windows\System32\WS2_32.dll
0x00007ffe54510000 - 0x00007ffe54522000 	C:\Windows\SYSTEM32\kernel.appcore.dll
0x00007ffe4edc0000 - 0x00007ffe4edca000 	C:\Program Files\Java\jdk-16.0.1\bin\jimage.dll
0x00007ffe4f6b0000 - 0x00007ffe4f894000 	C:\Windows\SYSTEM32\DBGHELP.DLL
0x00007ffe4f4e0000 - 0x00007ffe4f50c000 	C:\Windows\SYSTEM32\dbgcore.DLL
0x00007ffe56900000 - 0x00007ffe56982000 	C:\Windows\System32\bcryptPrimitives.dll
0x00007ffe46250000 - 0x00007ffe46275000 	C:\Program Files\Java\jdk-16.0.1\bin\java.dll
0x00007ffe57020000 - 0x00007ffe57764000 	C:\Windows\System32\SHELL32.dll
0x00007ffe54710000 - 0x00007ffe54ea4000 	C:\Windows\SYSTEM32\windows.storage.dll
0x00007ffe57770000 - 0x00007ffe57ac4000 	C:\Windows\System32\combase.dll
0x00007ffe55fb0000 - 0x00007ffe55fe0000 	C:\Windows\SYSTEM32\Wldp.dll
0x00007ffe584c0000 - 0x00007ffe5856d000 	C:\Windows\System32\SHCORE.dll
0x00007ffe58e70000 - 0x00007ffe58ec5000 	C:\Windows\System32\shlwapi.dll
0x00007ffe56570000 - 0x00007ffe5658f000 	C:\Windows\SYSTEM32\profapi.dll
0x00007ffe4cc70000 - 0x00007ffe4cc89000 	C:\Program Files\Java\jdk-16.0.1\bin\net.dll
0x00007ffe51500000 - 0x00007ffe5160a000 	C:\Windows\SYSTEM32\WINHTTP.dll
0x00007ffe55d20000 - 0x00007ffe55d8a000 	C:\Windows\system32\mswsock.dll
0x00007ffe4cbd0000 - 0x00007ffe4cbe3000 	C:\Program Files\Java\jdk-16.0.1\bin\nio.dll
0x00007ffe4b4d0000 - 0x00007ffe4b4e8000 	C:\Program Files\Java\jdk-16.0.1\bin\zip.dll
0x00007ffe4ccd0000 - 0x00007ffe4cce0000 	C:\Program Files\Java\jdk-16.0.1\bin\verify.dll
0x00007ffe4b390000 - 0x00007ffe4b399000 	C:\Program Files\Java\jdk-16.0.1\bin\management.dll
0x00007ffe49c50000 - 0x00007ffe49c5b000 	C:\Program Files\Java\jdk-16.0.1\bin\management_ext.dll
0x00007ffe43fe0000 - 0x00007ffe43ff7000 	C:\Windows\system32\napinsp.dll
0x00007ffe43fc0000 - 0x00007ffe43fdb000 	C:\Windows\system32\pnrpnsp.dll
0x00007ffe51930000 - 0x00007ffe51945000 	C:\Windows\system32\wshbth.dll
0x00007ffe50f70000 - 0x00007ffe50f8d000 	C:\Windows\system32\NLAapi.dll
0x00007ffe55a30000 - 0x00007ffe55a6b000 	C:\Windows\SYSTEM32\IPHLPAPI.DLL
0x00007ffe55a80000 - 0x00007ffe55b4b000 	C:\Windows\SYSTEM32\DNSAPI.dll
0x00007ffe58d80000 - 0x00007ffe58d88000 	C:\Windows\System32\NSI.dll
0x00007ffe43f10000 - 0x00007ffe43f22000 	C:\Windows\System32\winrnr.dll
0x00007ffe4fc20000 - 0x00007ffe4fc2a000 	C:\Windows\System32\rasadhlp.dll
0x00007ffe4ed40000 - 0x00007ffe4edc0000 	C:\Windows\System32\fwpuclnt.dll
0x00007ffe56c90000 - 0x00007ffe56cb7000 	C:\Windows\System32\bcrypt.dll

dbghelp: loaded successfully - version: 4.0.5 - missing functions: none
symbol engine: initialized successfully - sym options: 0x614 - pdb path: .;C:\Program Files\Java\jdk-16.0.1\bin;C:\Windows\SYSTEM32;C:\Windows\WinSxS\amd64_microsoft.windows.common-controls_6595b64144ccf1df_6.0.19041.1110_none_60b5254171f9507e;C:\Program Files\Java\jdk-16.0.1\bin\server

VM Arguments:
java_command: target/java-getting-started-1.0.jar
java_class_path (initial): target/java-getting-started-1.0.jar
Launcher Type: SUN_STANDARD

[Global flags]
     intx CICompilerCount                          = 12                                        {product} {ergonomic}
     uint ConcGCThreads                            = 5                                         {product} {ergonomic}
     uint G1ConcRefinementThreads                  = 18                                        {product} {ergonomic}
   size_t G1HeapRegionSize                         = 4194304                                   {product} {ergonomic}
    uintx GCDrainStackTargetSize                   = 64                                        {product} {ergonomic}
   size_t InitialHeapSize                          = 536870912                                 {product} {ergonomic}
   size_t MarkStackSize                            = 4194304                                   {product} {ergonomic}
   size_t MaxHeapSize                              = 8577351680                                {product} {ergonomic}
   size_t MaxNewSize                               = 5146411008                                {product} {ergonomic}
   size_t MinHeapDeltaBytes                        = 4194304                                   {product} {ergonomic}
   size_t MinHeapSize                              = 8388608                                   {product} {ergonomic}
    uintx NonNMethodCodeHeapSize                   = 7602480                                {pd product} {ergonomic}
    uintx NonProfiledCodeHeapSize                  = 122027880                              {pd product} {ergonomic}
    uintx ProfiledCodeHeapSize                     = 122027880                              {pd product} {ergonomic}
    uintx ReservedCodeCacheSize                    = 251658240                              {pd product} {ergonomic}
     bool SegmentedCodeCache                       = true                                      {product} {ergonomic}
   size_t SoftMaxHeapSize                          = 8577351680                             {manageable} {ergonomic}
     bool UseCompressedClassPointers               = true                           {product lp64_product} {ergonomic}
     bool UseCompressedOops                        = true                           {product lp64_product} {ergonomic}
     bool UseG1GC                                  = true                                      {product} {ergonomic}
     bool UseLargePagesIndividualAllocation        = false                                  {pd product} {ergonomic}

Logging:
Log output configuration:
 #0: stdout all=warning uptime,level,tags
 #1: stderr all=off uptime,level,tags

Environment Variables:
JAVA_HOME=C:\Program Files\Java\jdk-16.0.1
PATH=C:\Program Files\Common Files\Oracle\Java\javapath;C:\Program Files (x86)\Common Files\Oracle\Java\javapath;C:\Program Files (x86)\Common Files\Intel\Shared Libraries\redist\intel64_win\compiler;C:\Windows\system32;C:\Windows;C:\Windows\System32\Wbem;C:\Windows\System32\WindowsPowerShell\v1.0\;C:\Windows\System32\OpenSSH\;C:\Program Files\PuTTY\;C:\Program Files\NVIDIA Corporation\NVIDIA NvDLISR;C:\Program Files (x86)\NVIDIA Corporation\PhysX\Common;C:\Program Files (x86)\Windows Kits\10\Windows Performance Toolkit\;C:\Program Files\Git\cmd;C:\Program Files\Git\bin;C:\Program Files\heroku\bin;C:\Users\Joshua Gagnier\AppData\Local\Microsoft\WindowsApps;C:\Program Files\PostgreSQL\13\bin;C:\Program Files\Maven\bin;C:\Users\Joshua Gagnier\AppData\Local\Programs\Microsoft VS Code\bin;
USERNAME=Joshua Gagnier
LANG=en_US.UTF-8
OS=Windows_NT
PROCESSOR_IDENTIFIER=AMD64 Family 25 Model 33 Stepping 0, AuthenticAMD



---------------  S Y S T E M  ---------------

OS:
 Windows 10 , 64 bit Build 19041 (10.0.19041.1806)
OS uptime: 12 days 7:06 hours
Hyper-V role detected

CPU: total 24 (initial active 24) (24 cores per cpu, 2 threads per core) family 25 model 33 stepping 0 microcode 0x0, cx8, cmov, fxsr, ht, mmx, 3dnowpref, sse, sse2, sse3, ssse3, sse4a, sse4.1, sse4.2, popcnt, lzcnt, tsc, tscinvbit, avx, avx2, aes, erms, clmul, bmi1, bmi2, adx, sha, fma, vzeroupper, clflush, clflushopt, hv

Memory: 4k page, system-wide physical 32707M (14603M free)
TotalPageFile size 33507M (AvailPageFile size 218M)
current process WorkingSet (physical memory assigned to process): 482M, peak: 482M
current process commit charge ("private bytes"): 917M, peak: 1313M

vm_info: Java HotSpot(TM) 64-Bit Server VM (16.0.1+9-24) for windows-amd64 JRE (16.0.1+9-24), built on Mar 26 2021 19:31:42 by "mach5one" with MS VC++ 16.7 (VS2019)

END.
