#
# There is insufficient memory for the Java Runtime Environment to continue.
# Native memory allocation (mmap) failed to map 406847488 bytes for G1 virtual space
# Possible reasons:
#   The system is out of physical RAM or swap space
#   The process is running with CompressedOops enabled, and the Java Heap may be blocking the growth of the native heap
# Possible solutions:
#   Reduce memory load on the system
#   Increase physical memory or swap space
#   Check if swap backing store is full
#   Decrease Java heap size (-Xmx/-Xms)
#   Decrease number of Java threads
#   Decrease Java thread stack sizes (-Xss)
#   Set larger code cache with -XX:ReservedCodeCacheSize=
#   JVM is running with Zero Based Compressed Oops mode in which the Java heap is
#     placed in the first 32GB address space. The Java Heap base address is the
#     maximum limit for the native heap growth. Please use -XX:HeapBaseMinAddress
#     to set the Java Heap base and to place the Java Heap above 32GB virtual address.
# This output file may be truncated or incomplete.
#
#  Out of Memory Error (os_windows.cpp:3466), pid=35268, tid=28560
#
# JRE version: Java(TM) SE Runtime Environment (16.0.1+9) (build 16.0.1+9-24)
# Java VM: Java HotSpot(TM) 64-Bit Server VM (16.0.1+9-24, mixed mode, sharing, tiered, compressed oops, compressed class ptrs, g1 gc, windows-amd64)
# No core dump will be written. Minidumps are not enabled by default on client versions of Windows
#

---------------  S U M M A R Y ------------

Command Line: target/java-getting-started-1.0.jar

Host: AMD Ryzen 9 5900X 12-Core Processor            , 24 cores, 31G,  Windows 10 , 64 bit Build 19041 (10.0.19041.1806)
Time: Mon Aug  1 10:54:23 2022 Pacific Daylight Time elapsed time: 3.868008 seconds (0d 0h 0m 3s)

---------------  T H R E A D  ---------------

Current thread (0x0000019afcae7990):  VMThread "VM Thread" [stack: 0x0000007c9e200000,0x0000007c9e300000] [id=28560]

Stack: [0x0000007c9e200000,0x0000007c9e300000]
Native frames: (J=compiled Java code, j=interpreted, Vv=VM code, C=native code)
V  [jvm.dll+0x6687ca]
V  [jvm.dll+0x7ca3c9]
V  [jvm.dll+0x7cbb53]
V  [jvm.dll+0x7cc1b3]
V  [jvm.dll+0x242ea5]
V  [jvm.dll+0x665589]
V  [jvm.dll+0x65a175]
V  [jvm.dll+0x2fc5ab]
V  [jvm.dll+0x3037a6]
V  [jvm.dll+0x352fee]
V  [jvm.dll+0x35321f]
V  [jvm.dll+0x2d3618]
V  [jvm.dll+0x2d11a5]
V  [jvm.dll+0x2d07dc]
V  [jvm.dll+0x3158c2]
V  [jvm.dll+0x7d05eb]
V  [jvm.dll+0x7d12e4]
V  [jvm.dll+0x7d17e9]
V  [jvm.dll+0x7d1aa4]
V  [jvm.dll+0x7d1b70]
V  [jvm.dll+0x779b4a]
V  [jvm.dll+0x667666]
C  [ucrtbase.dll+0x21bb2]
C  [KERNEL32.DLL+0x17034]
C  [ntdll.dll+0x52651]

VM_Operation (0x0000007ca02fe7b0): G1CollectForAllocation, mode: safepoint, requested by thread 0x0000019a92615480


---------------  P R O C E S S  ---------------

Threads class SMR info:
_java_thread_list=0x0000019a93cdc980, length=17, elements={
0x0000019adef3d8a0, 0x0000019afcaecdf0, 0x0000019afcaedcb0, 0x0000019afcafe080,
0x0000019afcb01fa0, 0x0000019afcb051f0, 0x0000019afcb05bf0, 0x0000019afcb16610,
0x0000019afcb38f80, 0x0000019afcb3b9d0, 0x0000019afcc3a830, 0x0000019afcc78710,
0x0000019afcc7ff10, 0x0000019afce4d930, 0x0000019afce4de90, 0x0000019a91d330a0,
0x0000019a92615480
}

Java Threads: ( => current thread )
  0x0000019adef3d8a0 JavaThread "main" [_thread_blocked, id=20368, stack(0x0000007c9dc00000,0x0000007c9dd00000)]
  0x0000019afcaecdf0 JavaThread "Reference Handler" daemon [_thread_blocked, id=30308, stack(0x0000007c9e300000,0x0000007c9e400000)]
  0x0000019afcaedcb0 JavaThread "Finalizer" daemon [_thread_blocked, id=5076, stack(0x0000007c9e400000,0x0000007c9e500000)]
  0x0000019afcafe080 JavaThread "Signal Dispatcher" daemon [_thread_blocked, id=15304, stack(0x0000007c9e500000,0x0000007c9e600000)]
  0x0000019afcb01fa0 JavaThread "Attach Listener" daemon [_thread_blocked, id=24612, stack(0x0000007c9e600000,0x0000007c9e700000)]
  0x0000019afcb051f0 JavaThread "Service Thread" daemon [_thread_blocked, id=32704, stack(0x0000007c9e700000,0x0000007c9e800000)]
  0x0000019afcb05bf0 JavaThread "Monitor Deflation Thread" daemon [_thread_blocked, id=27884, stack(0x0000007c9e800000,0x0000007c9e900000)]
  0x0000019afcb16610 JavaThread "C2 CompilerThread0" daemon [_thread_blocked, id=35908, stack(0x0000007c9e900000,0x0000007c9ea00000)]
  0x0000019afcb38f80 JavaThread "C1 CompilerThread0" daemon [_thread_blocked, id=17544, stack(0x0000007c9ea00000,0x0000007c9eb00000)]
  0x0000019afcb3b9d0 JavaThread "Sweeper thread" daemon [_thread_blocked, id=32224, stack(0x0000007c9eb00000,0x0000007c9ec00000)]
  0x0000019afcc3a830 JavaThread "C1 CompilerThread1" daemon [_thread_blocked, id=24444, stack(0x0000007c9ec00000,0x0000007c9ed00000)]
  0x0000019afcc78710 JavaThread "Notification Thread" daemon [_thread_blocked, id=35652, stack(0x0000007c9ed00000,0x0000007c9ee00000)]
  0x0000019afcc7ff10 JavaThread "Common-Cleaner" daemon [_thread_blocked, id=248, stack(0x0000007c9ef00000,0x0000007c9f000000)]
  0x0000019afce4d930 JavaThread "C1 CompilerThread2" daemon [_thread_blocked, id=24736, stack(0x0000007c9f100000,0x0000007c9f200000)]
  0x0000019afce4de90 JavaThread "C1 CompilerThread3" daemon [_thread_blocked, id=12708, stack(0x0000007c9f200000,0x0000007c9f300000)]
  0x0000019a91d330a0 JavaThread "C2 CompilerThread1" daemon [_thread_blocked, id=34608, stack(0x0000007c9f000000,0x0000007c9f100000)]
  0x0000019a92615480 JavaThread "Thread-2654" [_thread_blocked, id=18012, stack(0x0000007ca0200000,0x0000007ca0300000)]

Other Threads:
=>0x0000019afcae7990 VMThread "VM Thread" [stack: 0x0000007c9e200000,0x0000007c9e300000] [id=28560]
  0x0000019afcc7ba70 WatcherThread [stack: 0x0000007c9ee00000,0x0000007c9ef00000] [id=28964]
  0x0000019adefb91f0 GCTaskThread "GC Thread#0" [stack: 0x0000007c9dd00000,0x0000007c9de00000] [id=5000]
  0x0000019afdbf6960 GCTaskThread "GC Thread#1" [stack: 0x0000007c9f500000,0x0000007c9f600000] [id=2100]
  0x0000019afdc2f250 GCTaskThread "GC Thread#2" [stack: 0x0000007c9f600000,0x0000007c9f700000] [id=34204]
  0x0000019afda57100 GCTaskThread "GC Thread#3" [stack: 0x0000007c9f700000,0x0000007c9f800000] [id=15788]
  0x0000019afda15d30 GCTaskThread "GC Thread#4" [stack: 0x0000007c9f800000,0x0000007c9f900000] [id=1812]
  0x0000019afdb99470 GCTaskThread "GC Thread#5" [stack: 0x0000007c9f900000,0x0000007c9fa00000] [id=1440]
  0x0000019afdb99780 GCTaskThread "GC Thread#6" [stack: 0x0000007c9fa00000,0x0000007c9fb00000] [id=34400]
  0x0000019afddb52a0 GCTaskThread "GC Thread#7" [stack: 0x0000007c9fb00000,0x0000007c9fc00000] [id=18460]
  0x0000019afddb79c0 GCTaskThread "GC Thread#8" [stack: 0x0000007c9fc00000,0x0000007c9fd00000] [id=23812]
  0x0000019afddb8a10 GCTaskThread "GC Thread#9" [stack: 0x0000007c9fd00000,0x0000007c9fe00000] [id=20532]
  0x0000019afddbaaf0 GCTaskThread "GC Thread#10" [stack: 0x0000007c9fe00000,0x0000007c9ff00000] [id=34208]
  0x0000019afddba7e0 GCTaskThread "GC Thread#11" [stack: 0x0000007c9ff00000,0x0000007ca0000000] [id=33868]
  0x0000019afddba1c0 GCTaskThread "GC Thread#12" [stack: 0x0000007c9f300000,0x0000007c9f400000] [id=4200]
  0x0000019afddb9580 GCTaskThread "GC Thread#13" [stack: 0x0000007ca0000000,0x0000007ca0100000] [id=29108]
  0x0000019afddb9ba0 GCTaskThread "GC Thread#14" [stack: 0x0000007ca0100000,0x0000007ca0200000] [id=18100]
  0x0000019adefca270 ConcurrentGCThread "G1 Main Marker" [stack: 0x0000007c9de00000,0x0000007c9df00000] [id=33896]
  0x0000019adefcb480 ConcurrentGCThread "G1 Conc#0" [stack: 0x0000007c9df00000,0x0000007c9e000000] [id=8836]
  0x0000019afbde9490 ConcurrentGCThread "G1 Refine#0" [stack: 0x0000007c9e000000,0x0000007c9e100000] [id=20428]
  0x0000019afbde9d20 ConcurrentGCThread "G1 Service" [stack: 0x0000007c9e100000,0x0000007c9e200000] [id=6100]

Threads with active compile tasks:
C2 CompilerThread0     3876 3370       4       org.springframework.boot.autoconfigure.condition.OnClassCondition$StandardOutcomesResolver::getOutcomes (68 bytes)

VM state: at safepoint (normal execution)

VM Mutex/Monitor currently owned by a thread:  ([mutex/lock_event])
[0x0000019adef3ae20] Threads_lock - owner thread: 0x0000019afcae7990
[0x0000019adef3aeb0] Heap_lock - owner thread: 0x0000019a92615480

Heap address: 0x0000000600c00000, size: 8180 MB, Compressed Oops mode: Zero based, Oop shift amount: 3

CDS archive(s) mapped at: [0x0000000800000000-0x0000000800bb0000-0x0000000800bb0000), size 12255232, SharedBaseAddress: 0x0000000800000000, ArchiveRelocationMode: 0.
Compressed class space mapped at: 0x0000000800c00000-0x0000000840c00000, reserved size: 1073741824
Narrow klass base: 0x0000000800000000, Narrow klass shift: 3, Narrow klass range: 0x100000000

GC Precious Log:
 CPUs: 24 total, 24 available
 Memory: 32707M
 Large Page Support: Disabled
 NUMA Support: Disabled
 Compressed Oops: Enabled (Zero based)
 Heap Region Size: 4M
 Heap Min Capacity: 8M
 Heap Initial Capacity: 512M
 Heap Max Capacity: 8180M
 Pre-touch: Disabled
 Parallel Workers: 18
 Concurrent Workers: 5
 Concurrent Refinement Workers: 18
 Periodic GC: Disabled

Heap:
 garbage-first heap   total 663552K, used 12089K [0x0000000600c00000, 0x0000000800000000)
  region size 4096K, 3 young (12288K), 3 survivors (12288K)
 Metaspace       used 16532K, committed 16832K, reserved 1064960K
  class space    used 1902K, committed 2048K, reserved 1048576K

Heap Regions: E=young(eden), S=young(survivor), O=old, HS=humongous(starts), HC=humongous(continues), CS=collection set, F=free, OA=open archive, CA=closed archive, TAMS=top-at-mark-start (previous, next)
|   0|0x0000000600c00000, 0x0000000600c00000, 0x0000000601000000|  0%| F|  |TAMS 0x0000000600c00000, 0x0000000600c00000| Untracked 
|   1|0x0000000601000000, 0x0000000601000000, 0x0000000601400000|  0%| F|  |TAMS 0x0000000601000000, 0x0000000601000000| Untracked 
|   2|0x0000000601400000, 0x0000000601400000, 0x0000000601800000|  0%| F|  |TAMS 0x0000000601400000, 0x0000000601400000| Untracked 
|   3|0x0000000601800000, 0x0000000601800000, 0x0000000601c00000|  0%| F|  |TAMS 0x0000000601800000, 0x0000000601800000| Untracked 
|   4|0x0000000601c00000, 0x0000000601c00000, 0x0000000602000000|  0%| F|  |TAMS 0x0000000601c00000, 0x0000000601c00000| Untracked 
|   5|0x0000000602000000, 0x0000000602000000, 0x0000000602400000|  0%| F|  |TAMS 0x0000000602000000, 0x0000000602000000| Untracked 
|   6|0x0000000602400000, 0x0000000602400000, 0x0000000602800000|  0%| F|  |TAMS 0x0000000602400000, 0x0000000602400000| Untracked 
|   7|0x0000000602800000, 0x0000000602800000, 0x0000000602c00000|  0%| F|  |TAMS 0x0000000602800000, 0x0000000602800000| Untracked 
|   8|0x0000000602c00000, 0x0000000602c00000, 0x0000000603000000|  0%| F|  |TAMS 0x0000000602c00000, 0x0000000602c00000| Untracked 
|   9|0x0000000603000000, 0x0000000603000000, 0x0000000603400000|  0%| F|  |TAMS 0x0000000603000000, 0x0000000603000000| Untracked 
|  10|0x0000000603400000, 0x0000000603400000, 0x0000000603800000|  0%| F|  |TAMS 0x0000000603400000, 0x0000000603400000| Untracked 
|  11|0x0000000603800000, 0x0000000603800000, 0x0000000603c00000|  0%| F|  |TAMS 0x0000000603800000, 0x0000000603800000| Untracked 
|  12|0x0000000603c00000, 0x0000000603c00000, 0x0000000604000000|  0%| F|  |TAMS 0x0000000603c00000, 0x0000000603c00000| Untracked 
|  13|0x0000000604000000, 0x0000000604000000, 0x0000000604400000|  0%| F|  |TAMS 0x0000000604000000, 0x0000000604000000| Untracked 
|  14|0x0000000604400000, 0x0000000604400000, 0x0000000604800000|  0%| F|  |TAMS 0x0000000604400000, 0x0000000604400000| Untracked 
|  15|0x0000000604800000, 0x0000000604800000, 0x0000000604c00000|  0%| F|  |TAMS 0x0000000604800000, 0x0000000604800000| Untracked 
|  16|0x0000000604c00000, 0x0000000604c00000, 0x0000000605000000|  0%| F|  |TAMS 0x0000000604c00000, 0x0000000604c00000| Untracked 
|  17|0x0000000605000000, 0x0000000605000000, 0x0000000605400000|  0%| F|  |TAMS 0x0000000605000000, 0x0000000605000000| Untracked 
|  18|0x0000000605400000, 0x0000000605400000, 0x0000000605800000|  0%| F|  |TAMS 0x0000000605400000, 0x0000000605400000| Untracked 
|  19|0x0000000605800000, 0x0000000605800000, 0x0000000605c00000|  0%| F|  |TAMS 0x0000000605800000, 0x0000000605800000| Untracked 
|  20|0x0000000605c00000, 0x0000000605c00000, 0x0000000606000000|  0%| F|  |TAMS 0x0000000605c00000, 0x0000000605c00000| Untracked 
|  21|0x0000000606000000, 0x0000000606000000, 0x0000000606400000|  0%| F|  |TAMS 0x0000000606000000, 0x0000000606000000| Untracked 
|  22|0x0000000606400000, 0x0000000606400000, 0x0000000606800000|  0%| F|  |TAMS 0x0000000606400000, 0x0000000606400000| Untracked 
|  23|0x0000000606800000, 0x0000000606800000, 0x0000000606c00000|  0%| F|  |TAMS 0x0000000606800000, 0x0000000606800000| Untracked 
|  24|0x0000000606c00000, 0x0000000606c00000, 0x0000000607000000|  0%| F|  |TAMS 0x0000000606c00000, 0x0000000606c00000| Untracked 
|  25|0x0000000607000000, 0x0000000607000000, 0x0000000607400000|  0%| F|  |TAMS 0x0000000607000000, 0x0000000607000000| Untracked 
|  26|0x0000000607400000, 0x0000000607400000, 0x0000000607800000|  0%| F|  |TAMS 0x0000000607400000, 0x0000000607400000| Untracked 
|  27|0x0000000607800000, 0x0000000607800000, 0x0000000607c00000|  0%| F|  |TAMS 0x0000000607800000, 0x0000000607800000| Untracked 
|  28|0x0000000607c00000, 0x0000000607c00000, 0x0000000608000000|  0%| F|  |TAMS 0x0000000607c00000, 0x0000000607c00000| Untracked 
|  29|0x0000000608000000, 0x0000000608000000, 0x0000000608400000|  0%| F|  |TAMS 0x0000000608000000, 0x0000000608000000| Untracked 
|  30|0x0000000608400000, 0x0000000608400000, 0x0000000608800000|  0%| F|  |TAMS 0x0000000608400000, 0x0000000608400000| Untracked 
|  31|0x0000000608800000, 0x0000000608800000, 0x0000000608c00000|  0%| F|  |TAMS 0x0000000608800000, 0x0000000608800000| Untracked 
|  32|0x0000000608c00000, 0x0000000608c00000, 0x0000000609000000|  0%| F|  |TAMS 0x0000000608c00000, 0x0000000608c00000| Untracked 
|  33|0x0000000609000000, 0x0000000609000000, 0x0000000609400000|  0%| F|  |TAMS 0x0000000609000000, 0x0000000609000000| Untracked 
|  34|0x0000000609400000, 0x0000000609400000, 0x0000000609800000|  0%| F|  |TAMS 0x0000000609400000, 0x0000000609400000| Untracked 
|  35|0x0000000609800000, 0x0000000609800000, 0x0000000609c00000|  0%| F|  |TAMS 0x0000000609800000, 0x0000000609800000| Untracked 
|  36|0x0000000609c00000, 0x0000000609c00000, 0x000000060a000000|  0%| F|  |TAMS 0x0000000609c00000, 0x0000000609c00000| Untracked 
|  37|0x000000060a000000, 0x000000060a000000, 0x000000060a400000|  0%| F|  |TAMS 0x000000060a000000, 0x000000060a000000| Untracked 
|  38|0x000000060a400000, 0x000000060a400000, 0x000000060a800000|  0%| F|  |TAMS 0x000000060a400000, 0x000000060a400000| Untracked 
|  39|0x000000060a800000, 0x000000060a800000, 0x000000060ac00000|  0%| F|  |TAMS 0x000000060a800000, 0x000000060a800000| Untracked 
|  40|0x000000060ac00000, 0x000000060ac00000, 0x000000060b000000|  0%| F|  |TAMS 0x000000060ac00000, 0x000000060ac00000| Untracked 
|  41|0x000000060b000000, 0x000000060b000000, 0x000000060b400000|  0%| F|  |TAMS 0x000000060b000000, 0x000000060b000000| Untracked 
|  42|0x000000060b400000, 0x000000060b400000, 0x000000060b800000|  0%| F|  |TAMS 0x000000060b400000, 0x000000060b400000| Untracked 
|  43|0x000000060b800000, 0x000000060b800000, 0x000000060bc00000|  0%| F|  |TAMS 0x000000060b800000, 0x000000060b800000| Untracked 
|  44|0x000000060bc00000, 0x000000060bc00000, 0x000000060c000000|  0%| F|  |TAMS 0x000000060bc00000, 0x000000060bc00000| Untracked 
|  45|0x000000060c000000, 0x000000060c000000, 0x000000060c400000|  0%| F|  |TAMS 0x000000060c000000, 0x000000060c000000| Untracked 
|  46|0x000000060c400000, 0x000000060c400000, 0x000000060c800000|  0%| F|  |TAMS 0x000000060c400000, 0x000000060c400000| Untracked 
|  47|0x000000060c800000, 0x000000060c800000, 0x000000060cc00000|  0%| F|  |TAMS 0x000000060c800000, 0x000000060c800000| Untracked 
|  48|0x000000060cc00000, 0x000000060cc00000, 0x000000060d000000|  0%| F|  |TAMS 0x000000060cc00000, 0x000000060cc00000| Untracked 
|  49|0x000000060d000000, 0x000000060d000000, 0x000000060d400000|  0%| F|  |TAMS 0x000000060d000000, 0x000000060d000000| Untracked 
|  50|0x000000060d400000, 0x000000060d400000, 0x000000060d800000|  0%| F|  |TAMS 0x000000060d400000, 0x000000060d400000| Untracked 
|  51|0x000000060d800000, 0x000000060d800000, 0x000000060dc00000|  0%| F|  |TAMS 0x000000060d800000, 0x000000060d800000| Untracked 
|  52|0x000000060dc00000, 0x000000060dc00000, 0x000000060e000000|  0%| F|  |TAMS 0x000000060dc00000, 0x000000060dc00000| Untracked 
|  53|0x000000060e000000, 0x000000060e000000, 0x000000060e400000|  0%| F|  |TAMS 0x000000060e000000, 0x000000060e000000| Untracked 
|  54|0x000000060e400000, 0x000000060e400000, 0x000000060e800000|  0%| F|  |TAMS 0x000000060e400000, 0x000000060e400000| Untracked 
|  55|0x000000060e800000, 0x000000060e800000, 0x000000060ec00000|  0%| F|  |TAMS 0x000000060e800000, 0x000000060e800000| Untracked 
|  56|0x000000060ec00000, 0x000000060ec00000, 0x000000060f000000|  0%| F|  |TAMS 0x000000060ec00000, 0x000000060ec00000| Untracked 
|  57|0x000000060f000000, 0x000000060f000000, 0x000000060f400000|  0%| F|  |TAMS 0x000000060f000000, 0x000000060f000000| Untracked 
|  58|0x000000060f400000, 0x000000060f400000, 0x000000060f800000|  0%| F|  |TAMS 0x000000060f400000, 0x000000060f400000| Untracked 
|  59|0x000000060f800000, 0x000000060f800000, 0x000000060fc00000|  0%| F|  |TAMS 0x000000060f800000, 0x000000060f800000| Untracked 
|  60|0x000000060fc00000, 0x000000060fc00000, 0x0000000610000000|  0%| F|  |TAMS 0x000000060fc00000, 0x000000060fc00000| Untracked 
|  61|0x0000000610000000, 0x0000000610000000, 0x0000000610400000|  0%| F|  |TAMS 0x0000000610000000, 0x0000000610000000| Untracked 
|  62|0x0000000610400000, 0x00000006107ce6d0, 0x0000000610800000| 95%| S|CS|TAMS 0x0000000610400000, 0x0000000610400000| Complete 
|  63|0x0000000610800000, 0x0000000610c00000, 0x0000000610c00000|100%| S|CS|TAMS 0x0000000610800000, 0x0000000610800000| Complete 
|  64|0x0000000610c00000, 0x0000000611000000, 0x0000000611000000|100%| S|CS|TAMS 0x0000000610c00000, 0x0000000610c00000| Complete 
|  65|0x0000000611000000, 0x0000000611000000, 0x0000000611400000|  0%| F|  |TAMS 0x0000000611000000, 0x0000000611000000| Untracked 
|  66|0x0000000611400000, 0x0000000611400000, 0x0000000611800000|  0%| F|  |TAMS 0x0000000611400000, 0x0000000611400000| Untracked 
|  67|0x0000000611800000, 0x0000000611800000, 0x0000000611c00000|  0%| F|  |TAMS 0x0000000611800000, 0x0000000611800000| Untracked 
|  68|0x0000000611c00000, 0x0000000611c00000, 0x0000000612000000|  0%| F|  |TAMS 0x0000000611c00000, 0x0000000611c00000| Untracked 
|  69|0x0000000612000000, 0x0000000612000000, 0x0000000612400000|  0%| F|  |TAMS 0x0000000612000000, 0x0000000612000000| Untracked 
|  70|0x0000000612400000, 0x0000000612400000, 0x0000000612800000|  0%| F|  |TAMS 0x0000000612400000, 0x0000000612400000| Untracked 
|  71|0x0000000612800000, 0x0000000612800000, 0x0000000612c00000|  0%| F|  |TAMS 0x0000000612800000, 0x0000000612800000| Untracked 
|  72|0x0000000612c00000, 0x0000000612c00000, 0x0000000613000000|  0%| F|  |TAMS 0x0000000612c00000, 0x0000000612c00000| Untracked 
|  73|0x0000000613000000, 0x0000000613000000, 0x0000000613400000|  0%| F|  |TAMS 0x0000000613000000, 0x0000000613000000| Untracked 
|  74|0x0000000613400000, 0x0000000613400000, 0x0000000613800000|  0%| F|  |TAMS 0x0000000613400000, 0x0000000613400000| Untracked 
|  75|0x0000000613800000, 0x0000000613800000, 0x0000000613c00000|  0%| F|  |TAMS 0x0000000613800000, 0x0000000613800000| Untracked 
|  76|0x0000000613c00000, 0x0000000613c00000, 0x0000000614000000|  0%| F|  |TAMS 0x0000000613c00000, 0x0000000613c00000| Untracked 
|  77|0x0000000614000000, 0x0000000614000000, 0x0000000614400000|  0%| F|  |TAMS 0x0000000614000000, 0x0000000614000000| Untracked 
|  78|0x0000000614400000, 0x0000000614400000, 0x0000000614800000|  0%| F|  |TAMS 0x0000000614400000, 0x0000000614400000| Untracked 
|  79|0x0000000614800000, 0x0000000614800000, 0x0000000614c00000|  0%| F|  |TAMS 0x0000000614800000, 0x0000000614800000| Untracked 
|  80|0x0000000614c00000, 0x0000000614c00000, 0x0000000615000000|  0%| F|  |TAMS 0x0000000614c00000, 0x0000000614c00000| Untracked 
|  81|0x0000000615000000, 0x0000000615000000, 0x0000000615400000|  0%| F|  |TAMS 0x0000000615000000, 0x0000000615000000| Untracked 
|  82|0x0000000615400000, 0x0000000615400000, 0x0000000615800000|  0%| F|  |TAMS 0x0000000615400000, 0x0000000615400000| Untracked 
|  83|0x0000000615800000, 0x0000000615800000, 0x0000000615c00000|  0%| F|  |TAMS 0x0000000615800000, 0x0000000615800000| Untracked 
|  84|0x0000000615c00000, 0x0000000615c00000, 0x0000000616000000|  0%| F|  |TAMS 0x0000000615c00000, 0x0000000615c00000| Untracked 
|  85|0x0000000616000000, 0x0000000616000000, 0x0000000616400000|  0%| F|  |TAMS 0x0000000616000000, 0x0000000616000000| Untracked 
|  86|0x0000000616400000, 0x0000000616400000, 0x0000000616800000|  0%| F|  |TAMS 0x0000000616400000, 0x0000000616400000| Untracked 
|  87|0x0000000616800000, 0x0000000616800000, 0x0000000616c00000|  0%| F|  |TAMS 0x0000000616800000, 0x0000000616800000| Untracked 
|  88|0x0000000616c00000, 0x0000000616c00000, 0x0000000617000000|  0%| F|  |TAMS 0x0000000616c00000, 0x0000000616c00000| Untracked 
|  89|0x0000000617000000, 0x0000000617000000, 0x0000000617400000|  0%| F|  |TAMS 0x0000000617000000, 0x0000000617000000| Untracked 
|  90|0x0000000617400000, 0x0000000617400000, 0x0000000617800000|  0%| F|  |TAMS 0x0000000617400000, 0x0000000617400000| Untracked 
|  91|0x0000000617800000, 0x0000000617800000, 0x0000000617c00000|  0%| F|  |TAMS 0x0000000617800000, 0x0000000617800000| Untracked 
|  92|0x0000000617c00000, 0x0000000617c00000, 0x0000000618000000|  0%| F|  |TAMS 0x0000000617c00000, 0x0000000617c00000| Untracked 
|  93|0x0000000618000000, 0x0000000618000000, 0x0000000618400000|  0%| F|  |TAMS 0x0000000618000000, 0x0000000618000000| Untracked 
|  94|0x0000000618400000, 0x0000000618400000, 0x0000000618800000|  0%| F|  |TAMS 0x0000000618400000, 0x0000000618400000| Untracked 
|  95|0x0000000618800000, 0x0000000618800000, 0x0000000618c00000|  0%| F|  |TAMS 0x0000000618800000, 0x0000000618800000| Untracked 
|  96|0x0000000618c00000, 0x0000000618c00000, 0x0000000619000000|  0%| F|  |TAMS 0x0000000618c00000, 0x0000000618c00000| Untracked 
|  97|0x0000000619000000, 0x0000000619000000, 0x0000000619400000|  0%| F|  |TAMS 0x0000000619000000, 0x0000000619000000| Untracked 
|  98|0x0000000619400000, 0x0000000619400000, 0x0000000619800000|  0%| F|  |TAMS 0x0000000619400000, 0x0000000619400000| Untracked 
|  99|0x0000000619800000, 0x0000000619800000, 0x0000000619c00000|  0%| F|  |TAMS 0x0000000619800000, 0x0000000619800000| Untracked 
| 100|0x0000000619c00000, 0x0000000619c00000, 0x000000061a000000|  0%| F|  |TAMS 0x0000000619c00000, 0x0000000619c00000| Untracked 
| 101|0x000000061a000000, 0x000000061a000000, 0x000000061a400000|  0%| F|  |TAMS 0x000000061a000000, 0x000000061a000000| Untracked 
| 102|0x000000061a400000, 0x000000061a400000, 0x000000061a800000|  0%| F|  |TAMS 0x000000061a400000, 0x000000061a400000| Untracked 
| 103|0x000000061a800000, 0x000000061a800000, 0x000000061ac00000|  0%| F|  |TAMS 0x000000061a800000, 0x000000061a800000| Untracked 
| 104|0x000000061ac00000, 0x000000061ac00000, 0x000000061b000000|  0%| F|  |TAMS 0x000000061ac00000, 0x000000061ac00000| Untracked 
| 105|0x000000061b000000, 0x000000061b000000, 0x000000061b400000|  0%| F|  |TAMS 0x000000061b000000, 0x000000061b000000| Untracked 
| 106|0x000000061b400000, 0x000000061b400000, 0x000000061b800000|  0%| F|  |TAMS 0x000000061b400000, 0x000000061b400000| Untracked 
| 107|0x000000061b800000, 0x000000061b800000, 0x000000061bc00000|  0%| F|  |TAMS 0x000000061b800000, 0x000000061b800000| Untracked 
| 108|0x000000061bc00000, 0x000000061bc00000, 0x000000061c000000|  0%| F|  |TAMS 0x000000061bc00000, 0x000000061bc00000| Untracked 
| 109|0x000000061c000000, 0x000000061c000000, 0x000000061c400000|  0%| F|  |TAMS 0x000000061c000000, 0x000000061c000000| Untracked 
| 110|0x000000061c400000, 0x000000061c400000, 0x000000061c800000|  0%| F|  |TAMS 0x000000061c400000, 0x000000061c400000| Untracked 
| 111|0x000000061c800000, 0x000000061c800000, 0x000000061cc00000|  0%| F|  |TAMS 0x000000061c800000, 0x000000061c800000| Untracked 
| 112|0x000000061cc00000, 0x000000061cc00000, 0x000000061d000000|  0%| F|  |TAMS 0x000000061cc00000, 0x000000061cc00000| Untracked 
| 113|0x000000061d000000, 0x000000061d000000, 0x000000061d400000|  0%| F|  |TAMS 0x000000061d000000, 0x000000061d000000| Untracked 
| 114|0x000000061d400000, 0x000000061d400000, 0x000000061d800000|  0%| F|  |TAMS 0x000000061d400000, 0x000000061d400000| Untracked 
| 115|0x000000061d800000, 0x000000061d800000, 0x000000061dc00000|  0%| F|  |TAMS 0x000000061d800000, 0x000000061d800000| Untracked 
| 116|0x000000061dc00000, 0x000000061dc00000, 0x000000061e000000|  0%| F|  |TAMS 0x000000061dc00000, 0x000000061dc00000| Untracked 
| 117|0x000000061e000000, 0x000000061e000000, 0x000000061e400000|  0%| F|  |TAMS 0x000000061e000000, 0x000000061e000000| Untracked 
| 118|0x000000061e400000, 0x000000061e400000, 0x000000061e800000|  0%| F|  |TAMS 0x000000061e400000, 0x000000061e400000| Untracked 
| 119|0x000000061e800000, 0x000000061e800000, 0x000000061ec00000|  0%| F|  |TAMS 0x000000061e800000, 0x000000061e800000| Untracked 
| 120|0x000000061ec00000, 0x000000061ec00000, 0x000000061f000000|  0%| F|  |TAMS 0x000000061ec00000, 0x000000061ec00000| Untracked 
| 121|0x000000061f000000, 0x000000061f000000, 0x000000061f400000|  0%| F|  |TAMS 0x000000061f000000, 0x000000061f000000| Untracked 
| 122|0x000000061f400000, 0x000000061f400000, 0x000000061f800000|  0%| F|  |TAMS 0x000000061f400000, 0x000000061f400000| Untracked 
| 123|0x000000061f800000, 0x000000061f800000, 0x000000061fc00000|  0%| F|  |TAMS 0x000000061f800000, 0x000000061f800000| Untracked 
| 124|0x000000061fc00000, 0x000000061fc00000, 0x0000000620000000|  0%| F|  |TAMS 0x000000061fc00000, 0x000000061fc00000| Untracked 
| 125|0x0000000620000000, 0x0000000620000000, 0x0000000620400000|  0%| F|  |TAMS 0x0000000620000000, 0x0000000620000000| Untracked 
| 126|0x0000000620400000, 0x0000000620400000, 0x0000000620800000|  0%| F|  |TAMS 0x0000000620400000, 0x0000000620400000| Untracked 
| 127|0x0000000620800000, 0x0000000620800000, 0x0000000620c00000|  0%| F|  |TAMS 0x0000000620800000, 0x0000000620800000| Untracked 
| 128|0x0000000620c00000, 0x0000000620c00000, 0x0000000621000000|  0%| F|  |TAMS 0x0000000620c00000, 0x0000000620c00000| Untracked 
| 129|0x0000000621000000, 0x0000000621000000, 0x0000000621400000|  0%| F|  |TAMS 0x0000000621000000, 0x0000000621000000| Untracked 
| 130|0x0000000621400000, 0x0000000621400000, 0x0000000621800000|  0%| F|  |TAMS 0x0000000621400000, 0x0000000621400000| Untracked 
| 131|0x0000000621800000, 0x0000000621800000, 0x0000000621c00000|  0%| F|  |TAMS 0x0000000621800000, 0x0000000621800000| Untracked 
| 132|0x0000000621c00000, 0x0000000621c00000, 0x0000000622000000|  0%| F|  |TAMS 0x0000000621c00000, 0x0000000621c00000| Untracked 
| 133|0x0000000622000000, 0x0000000622000000, 0x0000000622400000|  0%| F|  |TAMS 0x0000000622000000, 0x0000000622000000| Untracked 
| 134|0x0000000622400000, 0x0000000622400000, 0x0000000622800000|  0%| F|  |TAMS 0x0000000622400000, 0x0000000622400000| Untracked 
| 135|0x0000000622800000, 0x0000000622800000, 0x0000000622c00000|  0%| F|  |TAMS 0x0000000622800000, 0x0000000622800000| Untracked 
| 136|0x0000000622c00000, 0x0000000622c00000, 0x0000000623000000|  0%| F|  |TAMS 0x0000000622c00000, 0x0000000622c00000| Untracked 
| 137|0x0000000623000000, 0x0000000623000000, 0x0000000623400000|  0%| F|  |TAMS 0x0000000623000000, 0x0000000623000000| Untracked 
| 138|0x0000000623400000, 0x0000000623400000, 0x0000000623800000|  0%| F|  |TAMS 0x0000000623400000, 0x0000000623400000| Untracked 
| 139|0x0000000623800000, 0x0000000623800000, 0x0000000623c00000|  0%| F|  |TAMS 0x0000000623800000, 0x0000000623800000| Untracked 
| 140|0x0000000623c00000, 0x0000000623c00000, 0x0000000624000000|  0%| F|  |TAMS 0x0000000623c00000, 0x0000000623c00000| Untracked 
| 141|0x0000000624000000, 0x0000000624000000, 0x0000000624400000|  0%| F|  |TAMS 0x0000000624000000, 0x0000000624000000| Untracked 
| 142|0x0000000624400000, 0x0000000624400000, 0x0000000624800000|  0%| F|  |TAMS 0x0000000624400000, 0x0000000624400000| Untracked 
| 143|0x0000000624800000, 0x0000000624800000, 0x0000000624c00000|  0%| F|  |TAMS 0x0000000624800000, 0x0000000624800000| Untracked 
| 144|0x0000000624c00000, 0x0000000624c00000, 0x0000000625000000|  0%| F|  |TAMS 0x0000000624c00000, 0x0000000624c00000| Untracked 
| 145|0x0000000625000000, 0x0000000625000000, 0x0000000625400000|  0%| F|  |TAMS 0x0000000625000000, 0x0000000625000000| Untracked 
| 146|0x0000000625400000, 0x0000000625400000, 0x0000000625800000|  0%| F|  |TAMS 0x0000000625400000, 0x0000000625400000| Untracked 
| 147|0x0000000625800000, 0x0000000625800000, 0x0000000625c00000|  0%| F|  |TAMS 0x0000000625800000, 0x0000000625800000| Untracked 
| 148|0x0000000625c00000, 0x0000000625c00000, 0x0000000626000000|  0%| F|  |TAMS 0x0000000625c00000, 0x0000000625c00000| Untracked 
| 149|0x0000000626000000, 0x0000000626000000, 0x0000000626400000|  0%| F|  |TAMS 0x0000000626000000, 0x0000000626000000| Untracked 
| 150|0x0000000626400000, 0x0000000626400000, 0x0000000626800000|  0%| F|  |TAMS 0x0000000626400000, 0x0000000626400000| Untracked 
| 151|0x0000000626800000, 0x0000000626800000, 0x0000000626c00000|  0%| F|  |TAMS 0x0000000626800000, 0x0000000626800000| Untracked 
| 152|0x0000000626c00000, 0x0000000626c00000, 0x0000000627000000|  0%| F|  |TAMS 0x0000000626c00000, 0x0000000626c00000| Untracked 
| 153|0x0000000627000000, 0x0000000627000000, 0x0000000627400000|  0%| F|  |TAMS 0x0000000627000000, 0x0000000627000000| Untracked 
| 154|0x0000000627400000, 0x0000000627400000, 0x0000000627800000|  0%| F|  |TAMS 0x0000000627400000, 0x0000000627400000| Untracked 
| 155|0x0000000627800000, 0x0000000627800000, 0x0000000627c00000|  0%| F|  |TAMS 0x0000000627800000, 0x0000000627800000| Untracked 
| 156|0x0000000627c00000, 0x0000000627c00000, 0x0000000628000000|  0%| F|  |TAMS 0x0000000627c00000, 0x0000000627c00000| Untracked 
| 157|0x0000000628000000, 0x0000000628000000, 0x0000000628400000|  0%| F|  |TAMS 0x0000000628000000, 0x0000000628000000| Untracked 
| 158|0x0000000628400000, 0x0000000628400000, 0x0000000628800000|  0%| F|  |TAMS 0x0000000628400000, 0x0000000628400000| Untracked 
| 159|0x0000000628800000, 0x0000000628800000, 0x0000000628c00000|  0%| F|  |TAMS 0x0000000628800000, 0x0000000628800000| Untracked 
| 160|0x0000000628c00000, 0x0000000628c00000, 0x0000000629000000|  0%| F|  |TAMS 0x0000000628c00000, 0x0000000628c00000| Untracked 
| 161|0x0000000629000000, 0x0000000629000000, 0x0000000629400000|  0%| F|  |TAMS 0x0000000629000000, 0x0000000629000000| Untracked 

Card table byte_map: [0x0000019af74a0000,0x0000019af84a0000] _byte_map_base: 0x0000019af449a000

Marking Bits (Prev, Next): (CMBitMap*) 0x0000019adefb9860, (CMBitMap*) 0x0000019adefb98a0
 Prev Bits: [0x0000019a80000000, 0x0000019a87fd0000)
 Next Bits: [0x0000019a87fd0000, 0x0000019a8ffa0000)

Polling page: 0x0000019adcb20000

Metaspace:

Usage:
  Non-class:     14.29 MB used.
      Class:      1.86 MB used.
       Both:     16.14 MB used.

Virtual space:
  Non-class space:       16.00 MB reserved,      14.44 MB ( 90%) committed,  2 nodes.
      Class space:        1.00 GB reserved,       2.00 MB ( <1%) committed,  1 nodes.
              Both:        1.02 GB reserved,      16.44 MB (  2%) committed. 

Chunk freelists:
   Non-Class:  973.00 KB
       Class:  1.95 MB
        Both:  2.90 MB

MaxMetaspaceSize: 17179869184.00 GB
CompressedClassSpaceSize: 1.00 GB
 - commit_granule_bytes: 65536.
 - commit_granule_words: 8192.
 - virtual_space_node_default_size: 1048576.
 - enlarge_chunks_in_place: 1.
 - new_chunks_are_fully_committed: 0.
 - uncommit_free_chunks: 1.
 - use_allocation_guard: 0.
 - handle_deallocations: 1.


Internal statistics:

num_allocs_failed_limit: 0.
num_arena_births: 214.
num_arena_deaths: 0.
num_vsnodes_births: 3.
num_vsnodes_deaths: 0.
num_space_committed: 263.
num_space_uncommitted: 0.
num_chunks_returned_to_freelist: 0.
num_chunks_taken_from_freelist: 773.
num_chunk_merges: 0.
num_chunk_splits: 520.
num_chunks_enlarged: 388.
num_purges: 0.

CodeHeap 'non-profiled nmethods': size=119168Kb used=2141Kb max_used=2141Kb free=117027Kb
 bounds [0x0000019aee260000, 0x0000019aee4d0000, 0x0000019af56c0000]
CodeHeap 'profiled nmethods': size=119104Kb used=6556Kb max_used=6556Kb free=112547Kb
 bounds [0x0000019ae6e10000, 0x0000019ae7480000, 0x0000019aee260000]
CodeHeap 'non-nmethods': size=7488Kb used=2888Kb max_used=2952Kb free=4599Kb
 bounds [0x0000019ae66c0000, 0x0000019ae69b0000, 0x0000019ae6e10000]
 total_blobs=3869 nmethods=3372 adapters=406
 compilation: enabled
              stopped_count=0, restarted_count=0
 full_count=0

Compilation events (20 events):
Event: 3.792 Thread 0x0000019afce4d930 nmethod 3363 0x0000019ae7472f10 code [0x0000019ae74730e0, 0x0000019ae74735c8]
Event: 3.801 Thread 0x0000019a91d330a0 3364   !   4       java.lang.StringCoding::decode (362 bytes)
Event: 3.805 Thread 0x0000019a91d330a0 nmethod 3364 0x0000019aee475f10 code [0x0000019aee4760e0, 0x0000019aee476798]
Event: 3.814 Thread 0x0000019a91d330a0 3365       4       java.util.AbstractCollection::isEmpty (13 bytes)
Event: 3.815 Thread 0x0000019a91d330a0 nmethod 3365 0x0000019aee476b10 code [0x0000019aee476ca0, 0x0000019aee476d38]
Event: 3.818 Thread 0x0000019afce4de90 3366       3       org.springframework.context.annotation.ConfigurationClassParser$SourceClass::isAssignable (48 bytes)
Event: 3.818 Thread 0x0000019afce4de90 nmethod 3366 0x0000019ae7473790 code [0x0000019ae74739e0, 0x0000019ae7474438]
Event: 3.832 Thread 0x0000019afcc3a830 3367       3       org.springframework.core.type.filter.AssignableTypeFilter::matchSuperClass (6 bytes)
Event: 3.832 Thread 0x0000019afcc3a830 nmethod 3367 0x0000019ae7474710 code [0x0000019ae74748c0, 0x0000019ae7474a08]
Event: 3.841 Thread 0x0000019a91d330a0 3368       4       org.springframework.core.annotation.TypeMappedAnnotation::getDistance (8 bytes)
Event: 3.841 Thread 0x0000019a91d330a0 nmethod 3368 0x0000019aee476e10 code [0x0000019aee476fa0, 0x0000019aee477038]
Event: 3.846 Thread 0x0000019afcb16610 3369       4       java.lang.Integer::numberOfLeadingZeros (79 bytes)
Event: 3.847 Thread 0x0000019afcb16610 nmethod 3369 0x0000019aee477110 code [0x0000019aee477280, 0x0000019aee477338]
Event: 3.847 Thread 0x0000019afcb16610 3370       4       org.springframework.boot.autoconfigure.condition.OnClassCondition$StandardOutcomesResolver::getOutcomes (68 bytes)
Event: 3.850 Thread 0x0000019afce4d930 3371       3       java.util.WeakHashMap::put (160 bytes)
Event: 3.850 Thread 0x0000019afcb38f80 3372       3       java.util.WeakHashMap$Entry::<init> (24 bytes)
Event: 3.850 Thread 0x0000019afcb38f80 nmethod 3372 0x0000019ae7474a90 code [0x0000019ae7474c60, 0x0000019ae7475078]
Event: 3.851 Thread 0x0000019afce4d930 nmethod 3371 0x0000019ae7475190 code [0x0000019ae7475420, 0x0000019ae7476488]
Event: 3.861 Thread 0x0000019afce4d930 3373       3       java.util.LinkedHashMap::forEach (65 bytes)
Event: 3.862 Thread 0x0000019afce4d930 nmethod 3373 0x0000019ae7476a10 code [0x0000019ae7476c00, 0x0000019ae74770e8]

GC Heap History (20 events):
Event: 0.448 GC heap after
{Heap after GC invocations=2 (full 0):
 garbage-first heap   total 524288K, used 3683K [0x0000000600c00000, 0x0000000800000000)
  region size 4096K, 1 young (4096K), 1 survivors (4096K)
 Metaspace       used 5627K, committed 5824K, reserved 1056768K
  class space    used 583K, committed 704K, reserved 1048576K
}
Event: 2.026 GC heap before
{Heap before GC invocations=2 (full 0):
 garbage-first heap   total 524288K, used 310883K [0x0000000600c00000, 0x0000000800000000)
  region size 4096K, 76 young (311296K), 1 survivors (4096K)
 Metaspace       used 15585K, committed 15808K, reserved 1064960K
  class space    used 1804K, committed 1920K, reserved 1048576K
}
Event: 2.030 GC heap after
{Heap after GC invocations=3 (full 0):
 garbage-first heap   total 524288K, used 8039K [0x0000000600c00000, 0x0000000800000000)
  region size 4096K, 2 young (8192K), 2 survivors (8192K)
 Metaspace       used 15585K, committed 15808K, reserved 1064960K
  class space    used 1804K, committed 1920K, reserved 1048576K
}
Event: 3.250 GC heap before
{Heap before GC invocations=3 (full 0):
 garbage-first heap   total 524288K, used 311143K [0x0000000600c00000, 0x0000000800000000)
  region size 4096K, 76 young (311296K), 2 survivors (8192K)
 Metaspace       used 15786K, committed 16128K, reserved 1064960K
  class space    used 1828K, committed 1984K, reserved 1048576K
}
Event: 3.253 GC heap after
{Heap after GC invocations=4 (full 0):
 garbage-first heap   total 524288K, used 10757K [0x0000000600c00000, 0x0000000800000000)
  region size 4096K, 3 young (12288K), 3 survivors (12288K)
 Metaspace       used 15786K, committed 16128K, reserved 1064960K
  class space    used 1828K, committed 1984K, reserved 1048576K
}
Event: 3.374 GC heap before
{Heap before GC invocations=4 (full 0):
 garbage-first heap   total 524288K, used 309765K [0x0000000600c00000, 0x0000000800000000)
  region size 4096K, 76 young (311296K), 3 survivors (12288K)
 Metaspace       used 16040K, committed 16320K, reserved 1064960K
  class space    used 1853K, committed 1984K, reserved 1048576K
}
Event: 3.377 GC heap after
{Heap after GC invocations=5 (full 0):
 garbage-first heap   total 524288K, used 11110K [0x0000000600c00000, 0x0000000800000000)
  region size 4096K, 3 young (12288K), 3 survivors (12288K)
 Metaspace       used 16040K, committed 16320K, reserved 1064960K
  class space    used 1853K, committed 1984K, reserved 1048576K
}
Event: 3.462 GC heap before
{Heap before GC invocations=5 (full 0):
 garbage-first heap   total 524288K, used 310118K [0x0000000600c00000, 0x0000000800000000)
  region size 4096K, 76 young (311296K), 3 survivors (12288K)
 Metaspace       used 16208K, committed 16512K, reserved 1064960K
  class space    used 1872K, committed 2048K, reserved 1048576K
}
Event: 3.466 GC heap after
{Heap after GC invocations=6 (full 0):
 garbage-first heap   total 524288K, used 11884K [0x0000000600c00000, 0x0000000800000000)
  region size 4096K, 3 young (12288K), 3 survivors (12288K)
 Metaspace       used 16208K, committed 16512K, reserved 1064960K
  class space    used 1872K, committed 2048K, reserved 1048576K
}
Event: 3.534 GC heap before
{Heap before GC invocations=6 (full 0):
 garbage-first heap   total 524288K, used 310892K [0x0000000600c00000, 0x0000000800000000)
  region size 4096K, 76 young (311296K), 3 survivors (12288K)
 Metaspace       used 16263K, committed 16576K, reserved 1064960K
  class space    used 1877K, committed 2048K, reserved 1048576K
}
Event: 3.537 GC heap after
{Heap after GC invocations=7 (full 0):
 garbage-first heap   total 524288K, used 12007K [0x0000000600c00000, 0x0000000800000000)
  region size 4096K, 3 young (12288K), 3 survivors (12288K)
 Metaspace       used 16263K, committed 16576K, reserved 1064960K
  class space    used 1877K, committed 2048K, reserved 1048576K
}
Event: 3.587 GC heap before
{Heap before GC invocations=7 (full 0):
 garbage-first heap   total 524288K, used 311015K [0x0000000600c00000, 0x0000000800000000)
  region size 4096K, 76 young (311296K), 3 survivors (12288K)
 Metaspace       used 16332K, committed 16640K, reserved 1064960K
  class space    used 1884K, committed 2048K, reserved 1048576K
}
Event: 3.591 GC heap after
{Heap after GC invocations=8 (full 0):
 garbage-first heap   total 663552K, used 11710K [0x0000000600c00000, 0x0000000800000000)
  region size 4096K, 3 young (12288K), 3 survivors (12288K)
 Metaspace       used 16332K, committed 16640K, reserved 1064960K
  class space    used 1884K, committed 2048K, reserved 1048576K
}
Event: 3.669 GC heap before
{Heap before GC invocations=8 (full 0):
 garbage-first heap   total 663552K, used 396734K [0x0000000600c00000, 0x0000000800000000)
  region size 4096K, 97 young (397312K), 3 survivors (12288K)
 Metaspace       used 16365K, committed 16640K, reserved 1064960K
  class space    used 1888K, committed 2048K, reserved 1048576K
}
Event: 3.673 GC heap after
{Heap after GC invocations=9 (full 0):
 garbage-first heap   total 663552K, used 12019K [0x0000000600c00000, 0x0000000800000000)
  region size 4096K, 3 young (12288K), 3 survivors (12288K)
 Metaspace       used 16365K, committed 16640K, reserved 1064960K
  class space    used 1888K, committed 2048K, reserved 1048576K
}
Event: 3.742 GC heap before
{Heap before GC invocations=9 (full 0):
 garbage-first heap   total 663552K, used 397043K [0x0000000600c00000, 0x0000000800000000)
  region size 4096K, 97 young (397312K), 3 survivors (12288K)
 Metaspace       used 16487K, committed 16832K, reserved 1064960K
  class space    used 1897K, committed 2048K, reserved 1048576K
}
Event: 3.745 GC heap after
{Heap after GC invocations=10 (full 0):
 garbage-first heap   total 663552K, used 11902K [0x0000000600c00000, 0x0000000800000000)
  region size 4096K, 3 young (12288K), 3 survivors (12288K)
 Metaspace       used 16487K, committed 16832K, reserved 1064960K
  class space    used 1897K, committed 2048K, reserved 1048576K
}
Event: 3.796 GC heap before
{Heap before GC invocations=10 (full 0):
 garbage-first heap   total 663552K, used 396926K [0x0000000600c00000, 0x0000000800000000)
  region size 4096K, 97 young (397312K), 3 survivors (12288K)
 Metaspace       used 16522K, committed 16832K, reserved 1064960K
  class space    used 1899K, committed 2048K, reserved 1048576K
}
Event: 3.799 GC heap after
{Heap after GC invocations=11 (full 0):
 garbage-first heap   total 663552K, used 11911K [0x0000000600c00000, 0x0000000800000000)
  region size 4096K, 3 young (12288K), 3 survivors (12288K)
 Metaspace       used 16522K, committed 16832K, reserved 1064960K
  class space    used 1899K, committed 2048K, reserved 1048576K
}
Event: 3.863 GC heap before
{Heap before GC invocations=11 (full 0):
 garbage-first heap   total 663552K, used 396935K [0x0000000600c00000, 0x0000000800000000)
  region size 4096K, 97 young (397312K), 3 survivors (12288K)
 Metaspace       used 16532K, committed 16832K, reserved 1064960K
  class space    used 1902K, committed 2048K, reserved 1048576K
}

Deoptimization events (20 events):
Event: 3.583 Thread 0x0000019adef3d8a0 DEOPT PACKING pc=0x0000019aee45e64c sp=0x0000007c9dcfd700
Event: 3.583 Thread 0x0000019adef3d8a0 DEOPT UNPACKING pc=0x0000019ae670d72e sp=0x0000007c9dcfd6a0 mode 2
Event: 3.584 Thread 0x0000019adef3d8a0 Uncommon trap: trap_request=0xffffffd6 fr.pc=0x0000019aee45e64c relative=0x000000000000038c
Event: 3.584 Thread 0x0000019adef3d8a0 Uncommon trap: reason=array_check action=maybe_recompile pc=0x0000019aee45e64c method=java.util.AbstractCollection.toArray([Ljava/lang/Object;)[Ljava/lang/Object; @ 116 c2
Event: 3.584 Thread 0x0000019adef3d8a0 DEOPT PACKING pc=0x0000019aee45e64c sp=0x0000007c9dcfd790
Event: 3.584 Thread 0x0000019adef3d8a0 DEOPT UNPACKING pc=0x0000019ae670d72e sp=0x0000007c9dcfd730 mode 2
Event: 3.584 Thread 0x0000019adef3d8a0 Uncommon trap: trap_request=0xffffffd6 fr.pc=0x0000019aee45e64c relative=0x000000000000038c
Event: 3.584 Thread 0x0000019adef3d8a0 Uncommon trap: reason=array_check action=maybe_recompile pc=0x0000019aee45e64c method=java.util.AbstractCollection.toArray([Ljava/lang/Object;)[Ljava/lang/Object; @ 116 c2
Event: 3.584 Thread 0x0000019adef3d8a0 DEOPT PACKING pc=0x0000019aee45e64c sp=0x0000007c9dcfd1b0
Event: 3.584 Thread 0x0000019adef3d8a0 DEOPT UNPACKING pc=0x0000019ae670d72e sp=0x0000007c9dcfd150 mode 2
Event: 3.584 Thread 0x0000019adef3d8a0 Uncommon trap: trap_request=0xffffffd6 fr.pc=0x0000019aee45e64c relative=0x000000000000038c
Event: 3.584 Thread 0x0000019adef3d8a0 Uncommon trap: reason=array_check action=maybe_recompile pc=0x0000019aee45e64c method=java.util.AbstractCollection.toArray([Ljava/lang/Object;)[Ljava/lang/Object; @ 116 c2
Event: 3.584 Thread 0x0000019adef3d8a0 DEOPT PACKING pc=0x0000019aee45e64c sp=0x0000007c9dcfd240
Event: 3.584 Thread 0x0000019adef3d8a0 DEOPT UNPACKING pc=0x0000019ae670d72e sp=0x0000007c9dcfd1e0 mode 2
Event: 3.603 Thread 0x0000019adef3d8a0 Uncommon trap: trap_request=0xffffffc6 fr.pc=0x0000019aee3ab38c relative=0x000000000000098c
Event: 3.603 Thread 0x0000019adef3d8a0 Uncommon trap: reason=bimorphic_or_optimized_type_check action=maybe_recompile pc=0x0000019aee3ab38c method=java.util.HashMap.putVal(ILjava/lang/Object;Ljava/lang/Object;ZZ)Ljava/lang/Object; @ 203 c2
Event: 3.603 Thread 0x0000019adef3d8a0 DEOPT PACKING pc=0x0000019aee3ab38c sp=0x0000007c9dcfd680
Event: 3.603 Thread 0x0000019adef3d8a0 DEOPT UNPACKING pc=0x0000019ae670d72e sp=0x0000007c9dcfd610 mode 2
Event: 3.614 Thread 0x0000019adef3d8a0 DEOPT PACKING pc=0x0000019ae7433764 sp=0x0000007c9dcfd750
Event: 3.614 Thread 0x0000019adef3d8a0 DEOPT UNPACKING pc=0x0000019ae670dece sp=0x0000007c9dcfcbf0 mode 0

Classes unloaded (0 events):
No events

Classes redefined (0 events):
No events

Internal exceptions (20 events):
Event: 0.793 Thread 0x0000019adef3d8a0 Implicit null exception at 0x0000019aee2cac12 to 0x0000019aee2cb60c
Event: 0.883 Thread 0x0000019adef3d8a0 Exception <a 'java/lang/ClassNotFoundException'{0x0000000619bd64d0}: java/lang/ObjectCustomizer> (0x0000000619bd64d0) 
thrown [t:\workspace\open\src\hotspot\share\classfile\systemDictionary.cpp, line 256]
Event: 0.885 Thread 0x0000019adef3d8a0 Exception <a 'java/lang/IncompatibleClassChangeError'{0x0000000619bdb440}: Found class java.lang.Object, but interface was expected> (0x0000000619bdb440) 
thrown [t:\workspace\open\src\hotspot\share\interpreter\linkResolver.cpp, line 857]
Event: 0.888 Thread 0x0000019adef3d8a0 Exception <a 'java/lang/ClassNotFoundException'{0x0000000619419598}: org/springframework/context/annotation/ConfigurationClassPostProcessorCustomizer> (0x0000000619419598) 
thrown [t:\workspace\open\src\hotspot\share\classfile\systemDictionary.cpp, line 256]
Event: 0.892 Thread 0x0000019adef3d8a0 Exception <a 'java/lang/ClassNotFoundException'{0x00000006194dcf30}: org/springframework/beans/factory/support/BeanDefinitionRegistryPostProcessorCustomizer> (0x00000006194dcf30) 
thrown [t:\workspace\open\src\hotspot\share\classfile\systemDictionary.cpp, line 256]
Event: 0.893 Thread 0x0000019adef3d8a0 Exception <a 'java/lang/ClassNotFoundException'{0x0000000619506348}: org/springframework/beans/factory/config/BeanFactoryPostProcessorCustomizer> (0x0000000619506348) 
thrown [t:\workspace\open\src\hotspot\share\classfile\systemDictionary.cpp, line 256]
Event: 0.893 Thread 0x0000019adef3d8a0 Exception <a 'java/lang/ClassNotFoundException'{0x000000061952c140}: org/springframework/core/PriorityOrderedCustomizer> (0x000000061952c140) 
thrown [t:\workspace\open\src\hotspot\share\classfile\systemDictionary.cpp, line 256]
Event: 0.893 Thread 0x0000019adef3d8a0 Exception <a 'java/lang/ClassNotFoundException'{0x000000061954fb90}: org/springframework/core/OrderedCustomizer> (0x000000061954fb90) 
thrown [t:\workspace\open\src\hotspot\share\classfile\systemDictionary.cpp, line 256]
Event: 0.894 Thread 0x0000019adef3d8a0 Exception <a 'java/lang/ClassNotFoundException'{0x00000006195765a8}: org/springframework/context/ResourceLoaderAwareCustomizer> (0x00000006195765a8) 
thrown [t:\workspace\open\src\hotspot\share\classfile\systemDictionary.cpp, line 256]
Event: 0.894 Thread 0x0000019adef3d8a0 Exception <a 'java/lang/ClassNotFoundException'{0x000000061959c0f8}: org/springframework/beans/factory/AwareCustomizer> (0x000000061959c0f8) 
thrown [t:\workspace\open\src\hotspot\share\classfile\systemDictionary.cpp, line 256]
Event: 0.894 Thread 0x0000019adef3d8a0 Exception <a 'java/lang/ClassNotFoundException'{0x00000006195c2bd8}: org/springframework/beans/factory/BeanClassLoaderAwareCustomizer> (0x00000006195c2bd8) 
thrown [t:\workspace\open\src\hotspot\share\classfile\systemDictionary.cpp, line 256]
Event: 0.894 Thread 0x0000019adef3d8a0 Exception <a 'java/lang/ClassNotFoundException'{0x00000006195e8720}: org/springframework/beans/factory/AwareCustomizer> (0x00000006195e8720) 
thrown [t:\workspace\open\src\hotspot\share\classfile\systemDictionary.cpp, line 256]
Event: 0.895 Thread 0x0000019adef3d8a0 Exception <a 'java/lang/ClassNotFoundException'{0x000000061960dfb0}: org/springframework/context/EnvironmentAwareCustomizer> (0x000000061960dfb0) 
thrown [t:\workspace\open\src\hotspot\share\classfile\systemDictionary.cpp, line 256]
Event: 0.895 Thread 0x0000019adef3d8a0 Exception <a 'java/lang/ClassNotFoundException'{0x0000000619633a48}: org/springframework/beans/factory/AwareCustomizer> (0x0000000619633a48) 
thrown [t:\workspace\open\src\hotspot\share\classfile\systemDictionary.cpp, line 256]
Event: 0.910 Thread 0x0000019adef3d8a0 Exception <a 'java/lang/ClassNotFoundException'{0x00000006190980d0}: org/springframework/boot/loader/jar/Handler> (0x00000006190980d0) 
thrown [t:\workspace\open\src\hotspot\share\classfile\systemDictionary.cpp, line 256]
Event: 0.966 Thread 0x0000019adef3d8a0 Exception <a 'java/lang/NoSuchMethodError'{0x0000000618eb4898}: 'int java.lang.invoke.DirectMethodHandle$Holder.invokeSpecialIFC(java.lang.Object, java.lang.Object, java.lang.Object, java.lang.Object)'> (0x0000000618eb4898) 
thrown [t:\workspace\open\src\hotspot\share\interpreter\linkResolver.cpp, line 790]
Event: 1.066 Thread 0x0000019a91347640 Implicit null exception at 0x0000019aee332cdc to 0x0000019aee338d1c
Event: 1.285 Thread 0x0000019afce3f3c0 Implicit null exception at 0x0000019aee306cf0 to 0x0000019aee30dff8
Event: 3.211 Thread 0x0000019adef3d8a0 Exception <a 'java/lang/IncompatibleClassChangeError'{0x0000000612d2e298}: Found class java.lang.Object, but interface was expected> (0x0000000612d2e298) 
thrown [t:\workspace\open\src\hotspot\share\interpreter\linkResolver.cpp, line 857]
Event: 3.238 Thread 0x0000019adef3d8a0 Exception <a 'java/lang/NoSuchMethodError'{0x00000006129e9bd8}: 'void java.lang.invoke.DirectMethodHandle$Holder.invokeInterface(java.lang.Object, java.lang.Object, java.lang.Object, java.lang.Object)'> (0x00000006129e9bd8) 
thrown [t:\workspace\open\src\hotspot\share\interpreter\linkResolver.cpp, line 790]

Events (20 events):
Event: 3.855 Thread 0x0000019a92615480 Thread added: 0x0000019a92615480
Event: 3.855 Thread 0x0000019a92615480 Thread exited: 0x0000019a92615480
Event: 3.862 Thread 0x0000019a926169c0 Thread added: 0x0000019a926169c0
Event: 3.862 Thread 0x0000019a926169c0 Thread exited: 0x0000019a926169c0
Event: 3.862 Thread 0x0000019a926179b0 Thread added: 0x0000019a926179b0
Event: 3.862 Thread 0x0000019a926179b0 Thread exited: 0x0000019a926179b0
Event: 3.862 Thread 0x0000019a92616f10 Thread added: 0x0000019a92616f10
Event: 3.862 Thread 0x0000019a92616f10 Thread exited: 0x0000019a92616f10
Event: 3.862 Thread 0x0000019a92616470 Thread added: 0x0000019a92616470
Event: 3.862 Thread 0x0000019a92616470 Thread exited: 0x0000019a92616470
Event: 3.862 Thread 0x0000019a926149e0 Thread added: 0x0000019a926149e0
Event: 3.862 Thread 0x0000019a926149e0 Thread exited: 0x0000019a926149e0
Event: 3.862 Thread 0x0000019a92614490 Thread added: 0x0000019a92614490
Event: 3.863 Thread 0x0000019a92614490 Thread exited: 0x0000019a92614490
Event: 3.863 Thread 0x0000019a926159d0 Thread added: 0x0000019a926159d0
Event: 3.863 Thread 0x0000019a926159d0 Thread exited: 0x0000019a926159d0
Event: 3.863 Thread 0x0000019a92615f20 Thread added: 0x0000019a92615f20
Event: 3.863 Thread 0x0000019a92615f20 Thread exited: 0x0000019a92615f20
Event: 3.863 Thread 0x0000019a92615480 Thread added: 0x0000019a92615480
Event: 3.863 Executing  VM operation: G1CollectForAllocation


Dynamic libraries:
0x00007ff602520000 - 0x00007ff602530000 	C:\Program Files\Java\jdk-16.0.1\bin\java.exe
0x00007ffe58f10000 - 0x00007ffe59108000 	C:\Windows\SYSTEM32\ntdll.dll
0x00007ffe58320000 - 0x00007ffe583dd000 	C:\Windows\System32\KERNEL32.DLL
0x00007ffe56630000 - 0x00007ffe568fe000 	C:\Windows\System32\KERNELBASE.dll
0x00007ffe569e0000 - 0x00007ffe56ae0000 	C:\Windows\System32\ucrtbase.dll
0x00007ffe4b4d0000 - 0x00007ffe4b4e9000 	C:\Program Files\Java\jdk-16.0.1\bin\VCRUNTIME140.dll
0x00007ffe4b1d0000 - 0x00007ffe4b1e8000 	C:\Program Files\Java\jdk-16.0.1\bin\jli.dll
0x00007ffe56f70000 - 0x00007ffe5701e000 	C:\Windows\System32\ADVAPI32.dll
0x00007ffe586f0000 - 0x00007ffe5878e000 	C:\Windows\System32\msvcrt.dll
0x00007ffe57ad0000 - 0x00007ffe57b6c000 	C:\Windows\System32\sechost.dll
0x00007ffe57e40000 - 0x00007ffe57f65000 	C:\Windows\System32\RPCRT4.dll
0x00007ffe57ca0000 - 0x00007ffe57e40000 	C:\Windows\System32\USER32.dll
0x00007ffe56ae0000 - 0x00007ffe56b02000 	C:\Windows\System32\win32u.dll
0x00007ffe48770000 - 0x00007ffe48a0a000 	C:\Windows\WinSxS\amd64_microsoft.windows.common-controls_6595b64144ccf1df_6.0.19041.1110_none_60b5254171f9507e\COMCTL32.dll
0x00007ffe585f0000 - 0x00007ffe5861a000 	C:\Windows\System32\GDI32.dll
0x00007ffe56b80000 - 0x00007ffe56c8b000 	C:\Windows\System32\gdi32full.dll
0x00007ffe56e20000 - 0x00007ffe56ebd000 	C:\Windows\System32\msvcp_win.dll
0x00007ffe4fba0000 - 0x00007ffe4fbaa000 	C:\Windows\SYSTEM32\VERSION.dll
0x00007ffe58620000 - 0x00007ffe58650000 	C:\Windows\System32\IMM32.DLL
0x00007ffe512e0000 - 0x00007ffe512ec000 	C:\Program Files\Java\jdk-16.0.1\bin\vcruntime140_1.dll
0x00007ffe2e210000 - 0x00007ffe2e2a1000 	C:\Program Files\Java\jdk-16.0.1\bin\msvcp140.dll
0x00007ffd689e0000 - 0x00007ffd6958b000 	C:\Program Files\Java\jdk-16.0.1\bin\server\jvm.dll
0x00007ffe585e0000 - 0x00007ffe585e8000 	C:\Windows\System32\PSAPI.DLL
0x00007ffe45480000 - 0x00007ffe45489000 	C:\Windows\SYSTEM32\WSOCK32.dll
0x00007ffe470c0000 - 0x00007ffe470e7000 	C:\Windows\SYSTEM32\WINMM.dll
0x00007ffe58570000 - 0x00007ffe585db000 	C:\Windows\System32\WS2_32.dll
0x00007ffe54510000 - 0x00007ffe54522000 	C:\Windows\SYSTEM32\kernel.appcore.dll
0x00007ffe51120000 - 0x00007ffe5112a000 	C:\Program Files\Java\jdk-16.0.1\bin\jimage.dll
0x00007ffe4f6b0000 - 0x00007ffe4f894000 	C:\Windows\SYSTEM32\DBGHELP.DLL
0x00007ffe4f4e0000 - 0x00007ffe4f50c000 	C:\Windows\SYSTEM32\dbgcore.DLL
0x00007ffe56900000 - 0x00007ffe56982000 	C:\Windows\System32\bcryptPrimitives.dll
0x00007ffe464f0000 - 0x00007ffe46515000 	C:\Program Files\Java\jdk-16.0.1\bin\java.dll
0x00007ffe57020000 - 0x00007ffe57764000 	C:\Windows\System32\SHELL32.dll
0x00007ffe54710000 - 0x00007ffe54ea4000 	C:\Windows\SYSTEM32\windows.storage.dll
0x00007ffe57770000 - 0x00007ffe57ac4000 	C:\Windows\System32\combase.dll
0x00007ffe55fb0000 - 0x00007ffe55fe0000 	C:\Windows\SYSTEM32\Wldp.dll
0x00007ffe584c0000 - 0x00007ffe5856d000 	C:\Windows\System32\SHCORE.dll
0x00007ffe58e70000 - 0x00007ffe58ec5000 	C:\Windows\System32\shlwapi.dll
0x00007ffe56570000 - 0x00007ffe5658f000 	C:\Windows\SYSTEM32\profapi.dll
0x00007ffe49c40000 - 0x00007ffe49c59000 	C:\Program Files\Java\jdk-16.0.1\bin\net.dll
0x00007ffe51500000 - 0x00007ffe5160a000 	C:\Windows\SYSTEM32\WINHTTP.dll
0x00007ffe55d20000 - 0x00007ffe55d8a000 	C:\Windows\system32\mswsock.dll
0x00007ffe464d0000 - 0x00007ffe464e3000 	C:\Program Files\Java\jdk-16.0.1\bin\nio.dll
0x00007ffe46260000 - 0x00007ffe46278000 	C:\Program Files\Java\jdk-16.0.1\bin\zip.dll
0x00007ffe4f950000 - 0x00007ffe4f960000 	C:\Program Files\Java\jdk-16.0.1\bin\verify.dll
0x00007ffe4edc0000 - 0x00007ffe4edc9000 	C:\Program Files\Java\jdk-16.0.1\bin\management.dll
0x00007ffe4b1c0000 - 0x00007ffe4b1cb000 	C:\Program Files\Java\jdk-16.0.1\bin\management_ext.dll
0x00007ffe43fe0000 - 0x00007ffe43ff7000 	C:\Windows\system32\napinsp.dll
0x00007ffe43fc0000 - 0x00007ffe43fdb000 	C:\Windows\system32\pnrpnsp.dll
0x00007ffe51930000 - 0x00007ffe51945000 	C:\Windows\system32\wshbth.dll
0x00007ffe50f70000 - 0x00007ffe50f8d000 	C:\Windows\system32\NLAapi.dll
0x00007ffe55a30000 - 0x00007ffe55a6b000 	C:\Windows\SYSTEM32\IPHLPAPI.DLL
0x00007ffe55a80000 - 0x00007ffe55b4b000 	C:\Windows\SYSTEM32\DNSAPI.dll
0x00007ffe58d80000 - 0x00007ffe58d88000 	C:\Windows\System32\NSI.dll
0x00007ffe43f10000 - 0x00007ffe43f22000 	C:\Windows\System32\winrnr.dll
0x00007ffe4fc20000 - 0x00007ffe4fc2a000 	C:\Windows\System32\rasadhlp.dll
0x00007ffe4ed40000 - 0x00007ffe4edc0000 	C:\Windows\System32\fwpuclnt.dll
0x00007ffe56c90000 - 0x00007ffe56cb7000 	C:\Windows\System32\bcrypt.dll

dbghelp: loaded successfully - version: 4.0.5 - missing functions: none
symbol engine: initialized successfully - sym options: 0x614 - pdb path: .;C:\Program Files\Java\jdk-16.0.1\bin;C:\Windows\SYSTEM32;C:\Windows\WinSxS\amd64_microsoft.windows.common-controls_6595b64144ccf1df_6.0.19041.1110_none_60b5254171f9507e;C:\Program Files\Java\jdk-16.0.1\bin\server

VM Arguments:
java_command: target/java-getting-started-1.0.jar
java_class_path (initial): target/java-getting-started-1.0.jar
Launcher Type: SUN_STANDARD

[Global flags]
     intx CICompilerCount                          = 12                                        {product} {ergonomic}
     uint ConcGCThreads                            = 5                                         {product} {ergonomic}
     uint G1ConcRefinementThreads                  = 18                                        {product} {ergonomic}
   size_t G1HeapRegionSize                         = 4194304                                   {product} {ergonomic}
    uintx GCDrainStackTargetSize                   = 64                                        {product} {ergonomic}
   size_t InitialHeapSize                          = 536870912                                 {product} {ergonomic}
   size_t MarkStackSize                            = 4194304                                   {product} {ergonomic}
   size_t MaxHeapSize                              = 8577351680                                {product} {ergonomic}
   size_t MaxNewSize                               = 5146411008                                {product} {ergonomic}
   size_t MinHeapDeltaBytes                        = 4194304                                   {product} {ergonomic}
   size_t MinHeapSize                              = 8388608                                   {product} {ergonomic}
    uintx NonNMethodCodeHeapSize                   = 7602480                                {pd product} {ergonomic}
    uintx NonProfiledCodeHeapSize                  = 122027880                              {pd product} {ergonomic}
    uintx ProfiledCodeHeapSize                     = 122027880                              {pd product} {ergonomic}
    uintx ReservedCodeCacheSize                    = 251658240                              {pd product} {ergonomic}
     bool SegmentedCodeCache                       = true                                      {product} {ergonomic}
   size_t SoftMaxHeapSize                          = 8577351680                             {manageable} {ergonomic}
     bool UseCompressedClassPointers               = true                           {product lp64_product} {ergonomic}
     bool UseCompressedOops                        = true                           {product lp64_product} {ergonomic}
     bool UseG1GC                                  = true                                      {product} {ergonomic}
     bool UseLargePagesIndividualAllocation        = false                                  {pd product} {ergonomic}

Logging:
Log output configuration:
 #0: stdout all=warning uptime,level,tags
 #1: stderr all=off uptime,level,tags

Environment Variables:
JAVA_HOME=C:\Program Files\Java\jdk-16.0.1
PATH=C:\Program Files\Common Files\Oracle\Java\javapath;C:\Program Files (x86)\Common Files\Oracle\Java\javapath;C:\Program Files (x86)\Common Files\Intel\Shared Libraries\redist\intel64_win\compiler;C:\Windows\system32;C:\Windows;C:\Windows\System32\Wbem;C:\Windows\System32\WindowsPowerShell\v1.0\;C:\Windows\System32\OpenSSH\;C:\Program Files\PuTTY\;C:\Program Files\NVIDIA Corporation\NVIDIA NvDLISR;C:\Program Files (x86)\NVIDIA Corporation\PhysX\Common;C:\Program Files (x86)\Windows Kits\10\Windows Performance Toolkit\;C:\Program Files\Git\cmd;C:\Program Files\Git\bin;C:\Program Files\heroku\bin;C:\Users\Joshua Gagnier\AppData\Local\Microsoft\WindowsApps;C:\Program Files\PostgreSQL\13\bin;C:\Program Files\Maven\bin;C:\Users\Joshua Gagnier\AppData\Local\Programs\Microsoft VS Code\bin;
USERNAME=Joshua Gagnier
LANG=en_US.UTF-8
OS=Windows_NT
PROCESSOR_IDENTIFIER=AMD64 Family 25 Model 33 Stepping 0, AuthenticAMD



---------------  S Y S T E M  ---------------

OS:
 Windows 10 , 64 bit Build 19041 (10.0.19041.1806)
OS uptime: 13 days 3:41 hours
Hyper-V role detected

CPU: total 24 (initial active 24) (24 cores per cpu, 2 threads per core) family 25 model 33 stepping 0 microcode 0x0, cx8, cmov, fxsr, ht, mmx, 3dnowpref, sse, sse2, sse3, ssse3, sse4a, sse4.1, sse4.2, popcnt, lzcnt, tsc, tscinvbit, avx, avx2, aes, erms, clmul, bmi1, bmi2, adx, sha, fma, vzeroupper, clflush, clflushopt, hv

Memory: 4k page, system-wide physical 32707M (15758M free)
TotalPageFile size 33507M (AvailPageFile size 204M)
current process WorkingSet (physical memory assigned to process): 473M, peak: 473M
current process commit charge ("private bytes"): 883M, peak: 1271M

vm_info: Java HotSpot(TM) 64-Bit Server VM (16.0.1+9-24) for windows-amd64 JRE (16.0.1+9-24), built on Mar 26 2021 19:31:42 by "mach5one" with MS VC++ 16.7 (VS2019)

END.
